2026-05-23 21:48:38,073 - Employee Records Management System - INFO - Created Excel file: C:\Users\101\Desktop\WebApp\data\employee_records.xlsx
2026-05-23 21:48:38,102 - Employee Records Management System - INFO - Created Excel file: C:\Users\101\Desktop\WebApp\data\users.xlsx
2026-05-23 21:48:39,099 - watchfiles.main - INFO - 1 change detected
2026-05-23 21:49:37,005 - passlib.handlers.bcrypt - WARNING - (trapped) error reading bcrypt version
Traceback (most recent call last):
  File "C:\Users\101\AppData\Local\Python\pythoncore-3.14-64\Lib\site-packages\passlib\handlers\bcrypt.py", line 620, in _load_backend_mixin
    version = _bcrypt.__about__.__version__
              ^^^^^^^^^^^^^^^^^
AttributeError: module 'bcrypt' has no attribute '__about__'
2026-05-23 21:49:40,438 - watchfiles.main - INFO - 1 change detected
2026-05-23 21:49:41,057 - watchfiles.main - INFO - 1 change detected
2026-05-23 21:49:48,416 - watchfiles.main - INFO - 1 change detected
2026-05-23 21:50:35,394 - Employee Records Management System - INFO - Backup created: C:\Users\101\Desktop\WebApp\backups\users_backup_20260523_215035.xlsx
2026-05-23 21:50:35,434 - Employee Records Management System - INFO - Written 1 rows to C:\Users\101\Desktop\WebApp\data\users.xlsx
2026-05-23 21:50:35,434 - Employee Records Management System - INFO - Inserted record: admin1
2026-05-23 21:50:35,434 - Employee Records Management System - INFO - User registered: admin1
2026-05-23 21:50:35,483 - watchfiles.main - INFO - 2 changes detected
2026-05-23 21:50:35,846 - Employee Records Management System - INFO - User logged in: admin1
2026-05-23 21:50:35,910 - Employee Records Management System - INFO - Backup created: C:\Users\101\Desktop\WebApp\backups\employee_records_backup_20260523_215035.xlsx
2026-05-23 21:50:35,942 - Employee Records Management System - INFO - Written 1 rows to C:\Users\101\Desktop\WebApp\data\employee_records.xlsx
2026-05-23 21:50:35,942 - Employee Records Management System - INFO - Inserted record: EMP001
2026-05-23 21:50:35,943 - Employee Records Management System - INFO - Employee created: EMP001
2026-05-23 21:50:35,991 - watchfiles.main - INFO - 3 changes detected
2026-05-23 21:50:39,237 - watchfiles.main - INFO - 1 change detected
2026-05-23 21:50:39,705 - watchfiles.main - INFO - 1 change detected
2026-05-23 21:50:46,392 - Employee Records Management System - INFO - User logged in: admin1
2026-05-23 21:50:50,136 - watchfiles.main - INFO - 1 change detected
2026-05-23 21:50:50,653 - watchfiles.main - INFO - 1 change detected
2026-05-23 21:51:16,640 - watchfiles.main - INFO - 1 change detected
2026-05-23 21:51:42,368 - Employee Records Management System - INFO - Created Excel file: C:\Users\101\Desktop\WebApp\data\employee_records.xlsx
2026-05-23 21:51:42,383 - Employee Records Management System - INFO - Created Excel file: C:\Users\101\Desktop\WebApp\data\users.xlsx
2026-05-23 21:51:43,500 - watchfiles.main - INFO - 1 change detected
2026-05-23 21:52:07,510 - Employee Records Management System - INFO - Backup created: C:\Users\101\Desktop\WebApp\backups\users_backup_20260523_215207.xlsx
2026-05-23 21:52:07,545 - Employee Records Management System - INFO - Written 1 rows to C:\Users\101\Desktop\WebApp\data\users.xlsx
2026-05-23 21:52:07,545 - Employee Records Management System - INFO - Inserted record: admin1
2026-05-23 21:52:07,545 - Employee Records Management System - INFO - User registered: admin1
2026-05-23 21:52:07,632 - watchfiles.main - INFO - 3 changes detected
2026-05-23 21:52:07,861 - Employee Records Management System - INFO - User logged in: admin1
2026-05-23 21:52:07,891 - Employee Records Management System - INFO - Backup created: C:\Users\101\Desktop\WebApp\backups\employee_records_backup_20260523_215207.xlsx
2026-05-23 21:52:07,912 - Employee Records Management System - INFO - Written 1 rows to C:\Users\101\Desktop\WebApp\data\employee_records.xlsx
2026-05-23 21:52:07,912 - Employee Records Management System - INFO - Inserted record: EMP001
2026-05-23 21:52:07,912 - Employee Records Management System - INFO - Employee created: EMP001
2026-05-23 21:52:07,978 - Employee Records Management System - INFO - Backup created: C:\Users\101\Desktop\WebApp\backups\employee_records_backup_20260523_215207.xlsx
2026-05-23 21:52:08,001 - Employee Records Management System - INFO - Written 1 rows to C:\Users\101\Desktop\WebApp\data\employee_records.xlsx
2026-05-23 21:52:08,001 - Employee Records Management System - INFO - Updated record EMP001
2026-05-23 21:52:08,002 - Employee Records Management System - INFO - Employee updated: EMP001
2026-05-23 21:52:08,034 - watchfiles.main - INFO - 3 changes detected
2026-05-23 21:52:18,995 - watchfiles.main - INFO - 1 change detected
2026-05-23 21:52:26,074 - watchfiles.main - INFO - 1 change detected
2026-05-23 21:52:44,252 - Employee Records Management System - INFO - User logged in: admin1
2026-05-23 21:52:44,274 - Employee Records Management System - INFO - Backup created: C:\Users\101\Desktop\WebApp\backups\employee_records_backup_20260523_215244.xlsx
2026-05-23 21:52:44,295 - Employee Records Management System - INFO - Written 2 rows to C:\Users\101\Desktop\WebApp\data\employee_records.xlsx
2026-05-23 21:52:44,295 - Employee Records Management System - INFO - Inserted record: EMP002
2026-05-23 21:52:44,296 - Employee Records Management System - INFO - Employee created: EMP002
2026-05-23 21:52:44,330 - Employee Records Management System - INFO - Backup created: C:\Users\101\Desktop\WebApp\backups\employee_records_backup_20260523_215244.xlsx
2026-05-23 21:52:44,352 - Employee Records Management System - INFO - Written 3 rows to C:\Users\101\Desktop\WebApp\data\employee_records.xlsx
2026-05-23 21:52:44,353 - Employee Records Management System - INFO - Inserted record: EMP003
2026-05-23 21:52:44,353 - Employee Records Management System - INFO - Employee created: EMP003
2026-05-23 21:52:44,393 - Employee Records Management System - INFO - Backup created: C:\Users\101\Desktop\WebApp\backups\employee_records_backup_20260523_215244.xlsx
2026-05-23 21:52:44,421 - Employee Records Management System - INFO - Written 4 rows to C:\Users\101\Desktop\WebApp\data\employee_records.xlsx
2026-05-23 21:52:44,422 - Employee Records Management System - INFO - Inserted record: EMP004
2026-05-23 21:52:44,422 - Employee Records Management System - INFO - Employee created: EMP004
2026-05-23 21:53:19,256 - Employee Records Management System - INFO - User logged in: admin1
2026-05-23 21:53:22,633 - watchfiles.main - INFO - 1 change detected
2026-05-23 21:53:23,150 - watchfiles.main - INFO - 1 change detected
2026-05-23 21:53:28,009 - watchfiles.main - INFO - 38 changes detected
2026-05-23 21:54:24,179 - Employee Records Management System - INFO - User logged in: admin1
2026-05-23 21:55:10,658 - Employee Records Management System - INFO - User logged in: admin1
2026-05-23 21:56:56,028 - Employee Records Management System - INFO - User logged in: admin1
2026-05-23 21:56:56,072 - Employee Records Management System - INFO - Backup created: C:\Users\101\Desktop\WebApp\backups\employee_records_backup_20260523_215656.xlsx
2026-05-23 21:56:56,125 - Employee Records Management System - INFO - Written 5 rows to C:\Users\101\Desktop\WebApp\data\employee_records.xlsx
2026-05-23 21:56:56,126 - Employee Records Management System - INFO - Inserted record: E10
2026-05-23 21:56:56,126 - Employee Records Management System - INFO - Employee created: E10
2026-05-23 21:56:56,139 - watchfiles.main - INFO - 2 changes detected
2026-05-23 21:56:56,201 - Employee Records Management System - INFO - Backup created: C:\Users\101\Desktop\WebApp\backups\employee_records_backup_20260523_215656.xlsx
2026-05-23 21:56:56,232 - Employee Records Management System - INFO - Written 6 rows to C:\Users\101\Desktop\WebApp\data\employee_records.xlsx
2026-05-23 21:56:56,232 - Employee Records Management System - INFO - Inserted record: E11
2026-05-23 21:56:56,232 - Employee Records Management System - INFO - Employee created: E11
2026-05-23 21:56:56,279 - Employee Records Management System - INFO - Backup created: C:\Users\101\Desktop\WebApp\backups\employee_records_backup_20260523_215656.xlsx
2026-05-23 21:56:56,304 - Employee Records Management System - INFO - Written 7 rows to C:\Users\101\Desktop\WebApp\data\employee_records.xlsx
2026-05-23 21:56:56,305 - Employee Records Management System - INFO - Inserted record: E12
2026-05-23 21:56:56,305 - Employee Records Management System - INFO - Employee created: E12
2026-05-23 21:56:56,428 - Employee Records Management System - INFO - Backup created: C:\Users\101\Desktop\WebApp\backups\employee_records_backup_20260523_215656.xlsx
2026-05-23 21:56:56,458 - Employee Records Management System - INFO - Written 7 rows to C:\Users\101\Desktop\WebApp\data\employee_records.xlsx
2026-05-23 21:56:56,458 - Employee Records Management System - INFO - Updated record E11
2026-05-23 21:56:56,461 - Employee Records Management System - INFO - Employee updated: E11
2026-05-23 21:56:56,498 - watchfiles.main - INFO - 3 changes detected
2026-05-23 22:17:49,054 - watchfiles.main - INFO - 1 change detected
2026-05-23 22:17:49,913 - watchfiles.main - INFO - 2 changes detected
2026-05-23 22:17:50,345 - watchfiles.main - INFO - 1 change detected
2026-05-23 22:17:50,716 - watchfiles.main - INFO - 6 changes detected
2026-05-23 22:17:51,330 - watchfiles.main - INFO - 5 changes detected
2026-05-23 22:17:51,694 - watchfiles.main - INFO - 1 change detected
2026-05-23 22:17:52,215 - watchfiles.main - INFO - 1 change detected
2026-05-23 22:17:52,733 - watchfiles.main - INFO - 1 change detected
2026-05-23 22:17:53,535 - watchfiles.main - INFO - 1 change detected
2026-05-23 22:17:54,087 - watchfiles.main - INFO - 1 change detected
2026-05-23 22:17:54,794 - watchfiles.main - INFO - 1 change detected
2026-05-23 22:17:55,334 - watchfiles.main - INFO - 1 change detected
2026-05-23 22:17:56,102 - watchfiles.main - INFO - 1 change detected
2026-05-23 22:17:56,634 - watchfiles.main - INFO - 1 change detected
2026-05-23 22:17:57,393 - watchfiles.main - INFO - 1 change detected
2026-05-23 22:17:57,922 - watchfiles.main - INFO - 1 change detected
2026-05-23 22:17:58,478 - watchfiles.main - INFO - 1 change detected
2026-05-23 22:17:59,235 - watchfiles.main - INFO - 1 change detected
2026-05-23 22:17:59,748 - watchfiles.main - INFO - 1 change detected
2026-05-23 22:20:58,786 - watchfiles.main - INFO - 1 change detected
2026-05-23 22:23:32,407 - Nahla HR Management System - INFO - Backup created: C:\Users\101\Desktop\WebApp\backups\users_backup_20260523_222332.xlsx
2026-05-23 22:23:32,444 - Nahla HR Management System - INFO - Written 2 rows to C:\Users\101\Desktop\WebApp\data\users.xlsx
2026-05-23 22:23:32,445 - Nahla HR Management System - INFO - Inserted record: HR-S
2026-05-23 22:23:32,445 - Nahla HR Management System - INFO - User registered: HR-S
2026-05-23 22:23:32,461 - watchfiles.main - INFO - 2 changes detected
2026-05-23 22:23:32,869 - watchfiles.main - INFO - 1 change detected
2026-05-23 22:23:43,245 - Nahla HR Management System - INFO - User logged in: HR-S
2026-05-23 22:32:20,927 - watchfiles.main - INFO - 1 change detected
2026-05-23 22:32:21,854 - watchfiles.main - INFO - 1 change detected
2026-05-23 22:32:22,623 - watchfiles.main - INFO - 5 changes detected
2026-05-23 22:32:25,874 - watchfiles.main - INFO - 1 change detected
2026-05-23 22:32:26,717 - watchfiles.main - INFO - 1 change detected
2026-05-23 22:32:27,487 - watchfiles.main - INFO - 5 changes detected
2026-05-23 22:32:28,534 - Nahla HR Management System - INFO - Created Excel file: C:\Users\101\Desktop\WebApp\data\attendance.xlsx
2026-05-23 22:32:28,568 - Nahla HR Management System - INFO - Created Excel file: C:\Users\101\Desktop\WebApp\data\payroll.xlsx
2026-05-23 22:32:28,609 - watchfiles.main - INFO - 3 changes detected
2026-05-23 22:32:28,964 - watchfiles.main - INFO - 1 change detected
2026-05-23 22:32:36,819 - watchfiles.main - INFO - 1 change detected
2026-05-23 22:32:37,651 - watchfiles.main - INFO - 3 changes detected
2026-05-23 22:32:41,469 - watchfiles.main - INFO - 1 change detected
2026-05-23 22:32:42,284 - watchfiles.main - INFO - 2 changes detected
2026-05-23 22:32:45,386 - watchfiles.main - INFO - 1 change detected
2026-05-23 22:32:46,207 - watchfiles.main - INFO - 2 changes detected
2026-05-23 22:32:48,951 - watchfiles.main - INFO - 1 change detected
2026-05-23 22:32:49,725 - watchfiles.main - INFO - 1 change detected
2026-05-23 22:32:50,092 - watchfiles.main - INFO - 5 changes detected
2026-05-23 22:32:51,471 - watchfiles.main - INFO - 7 changes detected
2026-05-23 22:32:55,420 - watchfiles.main - INFO - 1 change detected
2026-05-23 22:32:56,270 - watchfiles.main - INFO - 1 change detected
2026-05-23 22:32:56,638 - watchfiles.main - INFO - 5 changes detected
2026-05-23 22:33:06,183 - watchfiles.main - INFO - 1 change detected
2026-05-23 22:33:07,035 - watchfiles.main - INFO - 1 change detected
2026-05-23 22:33:08,818 - watchfiles.main - INFO - 5 changes detected
2026-05-23 22:33:36,286 - Nahla HR Management System - INFO - User logged in: admin1
2026-05-23 22:33:36,331 - Nahla HR Management System - INFO - Backup created: C:\Users\101\Desktop\WebApp\backups\attendance_backup_20260523_223336.xlsx
2026-05-23 22:33:36,370 - Nahla HR Management System - INFO - Written 1 rows to C:\Users\101\Desktop\WebApp\data\attendance.xlsx
2026-05-23 22:33:36,370 - Nahla HR Management System - INFO - Inserted record: E10
2026-05-23 22:33:36,371 - Nahla HR Management System - INFO - Check-in: E10 at 2026-05-23 22:33:36.315661
2026-05-23 22:33:36,401 - watchfiles.main - INFO - 2 changes detected
2026-05-23 22:33:37,110 - watchfiles.main - INFO - 1 change detected
2026-05-23 22:33:39,347 - watchfiles.main - INFO - 1 change detected
2026-05-23 22:33:39,765 - watchfiles.main - INFO - 1 change detected
2026-05-23 22:34:01,664 - watchfiles.main - INFO - 1 change detected
2026-05-23 22:34:06,964 - watchfiles.main - INFO - 1 change detected
2026-05-23 22:34:07,799 - watchfiles.main - INFO - 1 change detected
2026-05-23 22:34:10,083 - watchfiles.main - INFO - 5 changes detected
2026-05-23 22:34:15,469 - Nahla HR Management System - INFO - User logged in: admin1
2026-05-23 22:34:15,504 - Nahla HR Management System - INFO - Backup created: C:\Users\101\Desktop\WebApp\backups\attendance_backup_20260523_223415.xlsx
2026-05-23 22:34:15,549 - Nahla HR Management System - INFO - Written 2 rows to C:\Users\101\Desktop\WebApp\data\attendance.xlsx
2026-05-23 22:34:15,549 - Nahla HR Management System - INFO - Inserted record: E99
2026-05-23 22:34:15,549 - Nahla HR Management System - INFO - Check-in: E99 at 2026-05-23 22:34:15.489826
2026-05-23 22:34:15,584 - Nahla HR Management System - INFO - Backup created: C:\Users\101\Desktop\WebApp\backups\attendance_backup_20260523_223415.xlsx
2026-05-23 22:34:15,618 - Nahla HR Management System - INFO - Written 2 rows to C:\Users\101\Desktop\WebApp\data\attendance.xlsx
2026-05-23 22:34:15,618 - Nahla HR Management System - INFO - Check-out: E99, hours: 0.0
2026-05-23 22:34:15,746 - watchfiles.main - INFO - 3 changes detected
2026-05-23 22:34:27,476 - Nahla HR Management System - INFO - User logged in: admin1
2026-05-23 22:34:27,536 - Nahla HR Management System - INFO - Backup created: C:\Users\101\Desktop\WebApp\backups\payroll_backup_20260523_223427.xlsx
2026-05-23 22:34:27,578 - Nahla HR Management System - INFO - Written 1 rows to C:\Users\101\Desktop\WebApp\data\payroll.xlsx
2026-05-23 22:34:27,579 - Nahla HR Management System - INFO - Inserted record: E99_2026-05
2026-05-23 22:34:27,579 - Nahla HR Management System - INFO - Payroll generated: E99 for 2026-05
2026-05-23 22:34:27,629 - watchfiles.main - INFO - 2 changes detected
2026-05-23 22:34:27,992 - watchfiles.main - INFO - 1 change detected
2026-05-23 22:34:34,711 - Nahla HR Management System - INFO - User logged in: admin1
2026-05-23 22:34:34,762 - Nahla HR Management System - INFO - Backup created: C:\Users\101\Desktop\WebApp\backups\payroll_backup_20260523_223434.xlsx
2026-05-23 22:34:34,795 - Nahla HR Management System - INFO - Written 2 rows to C:\Users\101\Desktop\WebApp\data\payroll.xlsx
2026-05-23 22:34:34,796 - Nahla HR Management System - INFO - Inserted record: E10_2026-05
2026-05-23 22:34:34,796 - Nahla HR Management System - INFO - Payroll generated: E10 for 2026-05
2026-05-23 22:34:34,820 - watchfiles.main - INFO - 2 changes detected
2026-05-23 22:34:35,803 - watchfiles.main - INFO - 1 change detected
2026-05-23 22:34:54,636 - watchfiles.main - INFO - 1 change detected
2026-05-23 22:35:05,916 - watchfiles.main - INFO - 1 change detected
2026-05-23 22:35:13,396 - Nahla HR Management System - INFO - User logged in: admin1
2026-05-23 22:37:52,098 - Nahla HR Management System - INFO - User logged in: admin1
2026-05-23 22:37:52,119 - Nahla HR Management System - INFO - Backup created: C:\Users\101\Desktop\WebApp\backups\attendance_backup_20260523_223752.xlsx
2026-05-23 22:37:52,149 - Nahla HR Management System - INFO - Written 3 rows to C:\Users\101\Desktop\WebApp\data\attendance.xlsx
2026-05-23 22:37:52,149 - Nahla HR Management System - INFO - Inserted record: AT001
2026-05-23 22:37:52,149 - Nahla HR Management System - INFO - Check-in: AT001 at 2026-05-23 22:37:52.110618
2026-05-23 22:37:52,173 - Nahla HR Management System - INFO - Backup created: C:\Users\101\Desktop\WebApp\backups\attendance_backup_20260523_223752.xlsx
2026-05-23 22:37:52,194 - Nahla HR Management System - INFO - Written 3 rows to C:\Users\101\Desktop\WebApp\data\attendance.xlsx
2026-05-23 22:37:52,195 - Nahla HR Management System - INFO - Check-out: AT001, hours: 0.0
2026-05-23 22:37:52,239 - Nahla HR Management System - INFO - Backup created: C:\Users\101\Desktop\WebApp\backups\payroll_backup_20260523_223752.xlsx
2026-05-23 22:37:52,260 - Nahla HR Management System - INFO - Written 3 rows to C:\Users\101\Desktop\WebApp\data\payroll.xlsx
2026-05-23 22:37:52,260 - Nahla HR Management System - INFO - Inserted record: AT001_2026-05
2026-05-23 22:37:52,260 - Nahla HR Management System - INFO - Payroll generated: AT001 for 2026-05
2026-05-23 22:40:57,976 - Nahla HR Management System - INFO - User logged in: HR-S
2026-05-23 22:42:20,921 - Nahla HR Management System - INFO - User logged in: HR-S
2026-05-23 22:51:56,019 - Nahla HR Management System - INFO - User logged in: admin1
2026-05-23 22:51:56,041 - Nahla HR Management System - INFO - Check-in attempted on non-working day by E10
2026-05-23 22:52:22,029 - Nahla HR Management System - INFO - Created Excel file: C:\Users\101\Desktop\WebApp\data\attendance.xlsx
2026-05-23 22:52:22,048 - Nahla HR Management System - INFO - Created Excel file: C:\Users\101\Desktop\WebApp\data\payroll.xlsx
2026-05-23 22:52:58,796 - Nahla HR Management System - INFO - User logged in: admin1
2026-05-23 22:53:16,564 - Nahla HR Management System - INFO - User logged in: admin1
2026-05-23 22:53:16,583 - Nahla HR Management System - INFO - Check-in attempted on non-working day by EMP001
2026-05-23 22:53:16,628 - Nahla HR Management System - INFO - Backup created: C:\Users\101\Desktop\WebApp\backups\attendance_backup_20260523_225316.xlsx
2026-05-23 22:53:16,657 - Nahla HR Management System - INFO - Written 1 rows to C:\Users\101\Desktop\WebApp\data\attendance.xlsx
2026-05-23 22:53:16,658 - Nahla HR Management System - INFO - Inserted record: EMP001
2026-05-23 22:53:16,658 - Nahla HR Management System - INFO - Check-in: EMP001 at 2026-05-23T19:53:16.583672 status=Late
2026-05-23 22:53:16,658 - Nahla HR Management System - INFO - Check-in via API: EMP001
2026-05-23 22:53:16,695 - Nahla HR Management System - INFO - Backup created: C:\Users\101\Desktop\WebApp\backups\attendance_backup_20260523_225316.xlsx
2026-05-23 22:53:16,721 - Nahla HR Management System - INFO - Written 1 rows to C:\Users\101\Desktop\WebApp\data\attendance.xlsx
2026-05-23 22:53:16,722 - Nahla HR Management System - INFO - Check-out: EMP001, hours=0.0
2026-05-23 22:53:16,723 - Nahla HR Management System - INFO - Check-out via API: EMP001
2026-05-23 22:53:16,742 - Nahla HR Management System - INFO - Check-in attempted on non-working day by E10
2026-05-23 22:53:16,774 - Nahla HR Management System - INFO - Backup created: C:\Users\101\Desktop\WebApp\backups\attendance_backup_20260523_225316.xlsx
2026-05-23 22:53:16,805 - Nahla HR Management System - INFO - Written 2 rows to C:\Users\101\Desktop\WebApp\data\attendance.xlsx
2026-05-23 22:53:16,805 - Nahla HR Management System - INFO - Inserted record: E10
2026-05-23 22:53:16,805 - Nahla HR Management System - INFO - Check-in: E10 at 2026-05-23T19:53:16.742440 status=Late
2026-05-23 22:53:16,806 - Nahla HR Management System - INFO - Check-in via API: E10
2026-05-23 22:53:16,848 - Nahla HR Management System - INFO - Backup created: C:\Users\101\Desktop\WebApp\backups\attendance_backup_20260523_225316.xlsx
2026-05-23 22:53:16,878 - Nahla HR Management System - INFO - Written 2 rows to C:\Users\101\Desktop\WebApp\data\attendance.xlsx
2026-05-23 22:53:16,878 - Nahla HR Management System - INFO - Check-out: E10, hours=0.0
2026-05-23 22:53:16,878 - Nahla HR Management System - INFO - Check-out via API: E10
2026-05-23 22:53:16,981 - Nahla HR Management System - INFO - Backup created: C:\Users\101\Desktop\WebApp\backups\payroll_backup_20260523_225316.xlsx
2026-05-23 22:53:17,008 - Nahla HR Management System - INFO - Written 1 rows to C:\Users\101\Desktop\WebApp\data\payroll.xlsx
2026-05-23 22:53:17,009 - Nahla HR Management System - INFO - Inserted record: EMP001_2026-05
2026-05-23 22:53:17,009 - Nahla HR Management System - INFO - Payroll generated: EMP001 for 2026-05, net=9455.83
2026-05-23 22:53:17,009 - Nahla HR Management System - INFO - Payroll generated via API: EMP001 for 2026-05
2026-05-23 23:04:44,463 - Nahla HR Management System - INFO - User logged in: HR-S
2026-05-23 23:13:31,437 - Nahla HR Management System - INFO - User logged in: admin1
2026-05-23 23:13:59,376 - Nahla HR Management System - INFO - User logged in: admin1
2026-05-23 23:13:59,697 - Nahla HR Management System - INFO - Backup created: C:\Users\101\Desktop\WebApp\backups\users_backup_20260523_231359.xlsx
2026-05-23 23:13:59,738 - Nahla HR Management System - INFO - Written 3 rows to C:\Users\101\Desktop\WebApp\data\users.xlsx
2026-05-23 23:13:59,738 - Nahla HR Management System - INFO - Inserted record: rbactest
2026-05-23 23:13:59,739 - Nahla HR Management System - INFO - User registered: rbactest
2026-05-23 23:14:00,054 - Nahla HR Management System - INFO - User logged in: rbactest
2026-05-23 23:14:00,384 - Nahla HR Management System - INFO - Backup created: C:\Users\101\Desktop\WebApp\backups\users_backup_20260523_231400.xlsx
2026-05-23 23:14:00,412 - Nahla HR Management System - INFO - Written 4 rows to C:\Users\101\Desktop\WebApp\data\users.xlsx
2026-05-23 23:14:00,412 - Nahla HR Management System - INFO - Inserted record: rec1
2026-05-23 23:14:00,412 - Nahla HR Management System - INFO - User registered: rec1
2026-05-23 23:14:00,716 - Nahla HR Management System - INFO - User logged in: rec1
2026-05-23 23:17:34,068 - Nahla HR Management System - INFO - Migrated columns: added ['User ID']
2026-05-23 23:17:37,276 - Nahla HR Management System - INFO - User logged in: admin1
2026-05-23 23:17:37,605 - Nahla HR Management System - INFO - Backup created: C:\Users\101\Desktop\WebApp\backups\users_backup_20260523_231737.xlsx
2026-05-23 23:17:37,636 - Nahla HR Management System - INFO - Written 5 rows to C:\Users\101\Desktop\WebApp\data\users.xlsx
2026-05-23 23:17:37,636 - Nahla HR Management System - INFO - Inserted record: 5
2026-05-23 23:17:37,636 - Nahla HR Management System - INFO - User registered: uidtest
2026-05-23 23:17:37,953 - Nahla HR Management System - INFO - User logged in: uidtest
2026-05-23 23:27:30,986 - sqlalchemy.engine.Engine - INFO - BEGIN (implicit)
2026-05-23 23:27:30,987 - sqlalchemy.engine.Engine - INFO - PRAGMA main.table_info("saas_users")
2026-05-23 23:27:30,987 - sqlalchemy.engine.Engine - INFO - [raw sql] ()
2026-05-23 23:27:30,995 - sqlalchemy.engine.Engine - INFO - PRAGMA temp.table_info("saas_users")
2026-05-23 23:27:30,995 - sqlalchemy.engine.Engine - INFO - [raw sql] ()
2026-05-23 23:27:30,996 - sqlalchemy.engine.Engine - INFO - PRAGMA main.table_info("candidates")
2026-05-23 23:27:30,997 - sqlalchemy.engine.Engine - INFO - [raw sql] ()
2026-05-23 23:27:30,998 - sqlalchemy.engine.Engine - INFO - PRAGMA temp.table_info("candidates")
2026-05-23 23:27:30,998 - sqlalchemy.engine.Engine - INFO - [raw sql] ()
2026-05-23 23:27:30,999 - sqlalchemy.engine.Engine - INFO - PRAGMA main.table_info("jobs")
2026-05-23 23:27:30,999 - sqlalchemy.engine.Engine - INFO - [raw sql] ()
2026-05-23 23:27:31,000 - sqlalchemy.engine.Engine - INFO - PRAGMA temp.table_info("jobs")
2026-05-23 23:27:31,000 - sqlalchemy.engine.Engine - INFO - [raw sql] ()
2026-05-23 23:27:31,000 - sqlalchemy.engine.Engine - INFO - PRAGMA main.table_info("interviews")
2026-05-23 23:27:31,001 - sqlalchemy.engine.Engine - INFO - [raw sql] ()
2026-05-23 23:27:31,001 - sqlalchemy.engine.Engine - INFO - PRAGMA temp.table_info("interviews")
2026-05-23 23:27:31,002 - sqlalchemy.engine.Engine - INFO - [raw sql] ()
2026-05-23 23:27:31,013 - sqlalchemy.engine.Engine - INFO - 
CREATE TABLE saas_users (
	id INTEGER NOT NULL, 
	username VARCHAR(100) NOT NULL, 
	password_hash VARCHAR(255) NOT NULL, 
	role VARCHAR(20) NOT NULL, 
	email VARCHAR(200), 
	is_active VARCHAR(10), 
	created_at DATETIME, 
	updated_at DATETIME, 
	company_id VARCHAR(50) NOT NULL, 
	PRIMARY KEY (id), 
	CONSTRAINT uq_username_company UNIQUE (username, company_id)
)


2026-05-23 23:27:31,014 - sqlalchemy.engine.Engine - INFO - [no key 0.00112s] ()
2026-05-23 23:27:31,045 - sqlalchemy.engine.Engine - INFO - CREATE INDEX ix_saas_users_company_id ON saas_users (company_id)
2026-05-23 23:27:31,046 - sqlalchemy.engine.Engine - INFO - [no key 0.00044s] ()
2026-05-23 23:27:31,069 - sqlalchemy.engine.Engine - INFO - 
CREATE TABLE jobs (
	id INTEGER NOT NULL, 
	title VARCHAR(200) NOT NULL, 
	department VARCHAR(100), 
	description TEXT, 
	requirements TEXT, 
	keywords TEXT, 
	status VARCHAR(50), 
	created_at DATETIME, 
	updated_at DATETIME, 
	company_id VARCHAR(50) NOT NULL, 
	PRIMARY KEY (id)
)


2026-05-23 23:27:31,069 - sqlalchemy.engine.Engine - INFO - [no key 0.00028s] ()
2026-05-23 23:27:31,095 - sqlalchemy.engine.Engine - INFO - CREATE INDEX ix_jobs_company_id ON jobs (company_id)
2026-05-23 23:27:31,096 - sqlalchemy.engine.Engine - INFO - [no key 0.00071s] ()
2026-05-23 23:27:31,119 - sqlalchemy.engine.Engine - INFO - 
CREATE TABLE candidates (
	id INTEGER NOT NULL, 
	name VARCHAR(200) NOT NULL, 
	email VARCHAR(200) NOT NULL, 
	phone VARCHAR(50), 
	cv_text TEXT, 
	cv_filename VARCHAR(255), 
	score FLOAT, 
	status VARCHAR(50), 
	skills TEXT, 
	experience_years FLOAT, 
	job_id INTEGER, 
	created_at DATETIME, 
	updated_at DATETIME, 
	company_id VARCHAR(50) NOT NULL, 
	PRIMARY KEY (id), 
	FOREIGN KEY(job_id) REFERENCES jobs (id)
)


2026-05-23 23:27:31,120 - sqlalchemy.engine.Engine - INFO - [no key 0.00035s] ()
2026-05-23 23:27:31,145 - sqlalchemy.engine.Engine - INFO - CREATE INDEX ix_candidates_company_id ON candidates (company_id)
2026-05-23 23:27:31,145 - sqlalchemy.engine.Engine - INFO - [no key 0.00051s] ()
2026-05-23 23:27:31,173 - sqlalchemy.engine.Engine - INFO - 
CREATE TABLE interviews (
	id INTEGER NOT NULL, 
	candidate_id INTEGER NOT NULL, 
	job_id INTEGER NOT NULL, 
	scheduled_time DATETIME NOT NULL, 
	duration_minutes INTEGER, 
	status VARCHAR(50), 
	notes TEXT, 
	created_at DATETIME, 
	updated_at DATETIME, 
	company_id VARCHAR(50) NOT NULL, 
	PRIMARY KEY (id), 
	CONSTRAINT uq_slot_company UNIQUE (scheduled_time, company_id), 
	FOREIGN KEY(candidate_id) REFERENCES candidates (id), 
	FOREIGN KEY(job_id) REFERENCES jobs (id)
)


2026-05-23 23:27:31,173 - sqlalchemy.engine.Engine - INFO - [no key 0.00029s] ()
2026-05-23 23:27:31,196 - sqlalchemy.engine.Engine - INFO - CREATE INDEX ix_interviews_company_id ON interviews (company_id)
2026-05-23 23:27:31,197 - sqlalchemy.engine.Engine - INFO - [no key 0.00118s] ()
2026-05-23 23:27:31,217 - sqlalchemy.engine.Engine - INFO - COMMIT
2026-05-23 23:27:52,219 - sqlalchemy.engine.Engine - INFO - BEGIN (implicit)
2026-05-23 23:27:52,219 - sqlalchemy.engine.Engine - INFO - PRAGMA main.table_info("saas_users")
2026-05-23 23:27:52,219 - sqlalchemy.engine.Engine - INFO - [raw sql] ()
2026-05-23 23:27:52,221 - sqlalchemy.engine.Engine - INFO - PRAGMA main.table_info("candidates")
2026-05-23 23:27:52,221 - sqlalchemy.engine.Engine - INFO - [raw sql] ()
2026-05-23 23:27:52,221 - sqlalchemy.engine.Engine - INFO - PRAGMA main.table_info("jobs")
2026-05-23 23:27:52,222 - sqlalchemy.engine.Engine - INFO - [raw sql] ()
2026-05-23 23:27:52,222 - sqlalchemy.engine.Engine - INFO - PRAGMA main.table_info("interviews")
2026-05-23 23:27:52,222 - sqlalchemy.engine.Engine - INFO - [raw sql] ()
2026-05-23 23:27:52,223 - sqlalchemy.engine.Engine - INFO - COMMIT
2026-05-23 23:27:54,573 - Nahla HR Management System - INFO - User logged in: admin1
2026-05-23 23:27:54,611 - sqlalchemy.engine.Engine - INFO - BEGIN (implicit)
2026-05-23 23:27:54,616 - sqlalchemy.engine.Engine - INFO - INSERT INTO jobs (title, department, description, requirements, keywords, status, created_at, updated_at, company_id) VALUES (?, ?, ?, ?, ?, ?, ?, ?, ?)
2026-05-23 23:27:54,617 - sqlalchemy.engine.Engine - INFO - [generated in 0.00045s] ('Senior Python Developer', 'Engineering', 'Build scalable APIs', '', 'python, fastapi, react, postgresql, docker', 'open', '2026-05-23 20:27:54.616762', '2026-05-23 20:27:54.616768', 'COMPANY_1')
2026-05-23 23:27:54,620 - sqlalchemy.engine.Engine - INFO - COMMIT
2026-05-23 23:27:54,640 - sqlalchemy.engine.Engine - INFO - BEGIN (implicit)
2026-05-23 23:27:54,648 - sqlalchemy.engine.Engine - INFO - SELECT jobs.id, jobs.title, jobs.department, jobs.description, jobs.requirements, jobs.keywords, jobs.status, jobs.created_at, jobs.updated_at, jobs.company_id 
FROM jobs 
WHERE jobs.id = ?
2026-05-23 23:27:54,648 - sqlalchemy.engine.Engine - INFO - [generated in 0.00047s] (1,)
2026-05-23 23:27:54,657 - sqlalchemy.engine.Engine - INFO - ROLLBACK
2026-05-23 23:27:54,665 - sqlalchemy.engine.Engine - INFO - BEGIN (implicit)
2026-05-23 23:27:54,667 - sqlalchemy.engine.Engine - INFO - SELECT jobs.id AS jobs_id, jobs.title AS jobs_title, jobs.department AS jobs_department, jobs.description AS jobs_description, jobs.requirements AS jobs_requirements, jobs.keywords AS jobs_keywords, jobs.status AS jobs_status, jobs.created_at AS jobs_created_at, jobs.updated_at AS jobs_updated_at, jobs.company_id AS jobs_company_id 
FROM jobs 
WHERE jobs.company_id = ? ORDER BY jobs.created_at DESC
2026-05-23 23:27:54,668 - sqlalchemy.engine.Engine - INFO - [generated in 0.00058s] ('COMPANY_1',)
2026-05-23 23:27:54,671 - sqlalchemy.engine.Engine - INFO - ROLLBACK
2026-05-23 23:28:27,295 - sqlalchemy.engine.Engine - INFO - BEGIN (implicit)
2026-05-23 23:28:27,298 - sqlalchemy.engine.Engine - INFO - PRAGMA main.table_info("saas_users")
2026-05-23 23:28:27,298 - sqlalchemy.engine.Engine - INFO - [raw sql] ()
2026-05-23 23:28:27,300 - sqlalchemy.engine.Engine - INFO - PRAGMA main.table_info("candidates")
2026-05-23 23:28:27,301 - sqlalchemy.engine.Engine - INFO - [raw sql] ()
2026-05-23 23:28:27,302 - sqlalchemy.engine.Engine - INFO - PRAGMA main.table_info("jobs")
2026-05-23 23:28:27,302 - sqlalchemy.engine.Engine - INFO - [raw sql] ()
2026-05-23 23:28:27,303 - sqlalchemy.engine.Engine - INFO - PRAGMA main.table_info("interviews")
2026-05-23 23:28:27,303 - sqlalchemy.engine.Engine - INFO - [raw sql] ()
2026-05-23 23:28:27,304 - sqlalchemy.engine.Engine - INFO - COMMIT
2026-05-23 23:28:28,814 - Nahla HR Management System - INFO - User logged in: admin1
2026-05-23 23:28:28,820 - sqlalchemy.engine.Engine - INFO - BEGIN (implicit)
2026-05-23 23:28:28,820 - sqlalchemy.engine.Engine - INFO - INSERT INTO jobs (title, department, description, requirements, keywords, status, created_at, updated_at, company_id) VALUES (?, ?, ?, ?, ?, ?, ?, ?, ?)
2026-05-23 23:28:28,821 - sqlalchemy.engine.Engine - INFO - [cached since 34.2s ago] ('Senior Python Developer', 'Engineering', 'Build scalable APIs', '', 'python, fastapi, react, postgresql, docker', 'open', '2026-05-23 20:28:28.820731', '2026-05-23 20:28:28.820738', 'COMPANY_1')
2026-05-23 23:28:28,822 - sqlalchemy.engine.Engine - INFO - COMMIT
2026-05-23 23:28:28,845 - sqlalchemy.engine.Engine - INFO - BEGIN (implicit)
2026-05-23 23:28:28,846 - sqlalchemy.engine.Engine - INFO - SELECT jobs.id, jobs.title, jobs.department, jobs.description, jobs.requirements, jobs.keywords, jobs.status, jobs.created_at, jobs.updated_at, jobs.company_id 
FROM jobs 
WHERE jobs.id = ?
2026-05-23 23:28:28,846 - sqlalchemy.engine.Engine - INFO - [cached since 34.2s ago] (2,)
2026-05-23 23:28:28,849 - sqlalchemy.engine.Engine - INFO - ROLLBACK
2026-05-23 23:28:28,852 - sqlalchemy.engine.Engine - INFO - BEGIN (implicit)
2026-05-23 23:28:28,852 - sqlalchemy.engine.Engine - INFO - SELECT jobs.id AS jobs_id, jobs.title AS jobs_title, jobs.department AS jobs_department, jobs.description AS jobs_description, jobs.requirements AS jobs_requirements, jobs.keywords AS jobs_keywords, jobs.status AS jobs_status, jobs.created_at AS jobs_created_at, jobs.updated_at AS jobs_updated_at, jobs.company_id AS jobs_company_id 
FROM jobs 
WHERE jobs.company_id = ? ORDER BY jobs.created_at DESC
2026-05-23 23:28:28,853 - sqlalchemy.engine.Engine - INFO - [cached since 34.19s ago] ('COMPANY_1',)
2026-05-23 23:28:28,855 - sqlalchemy.engine.Engine - INFO - ROLLBACK
2026-05-23 23:28:45,667 - sqlalchemy.engine.Engine - INFO - BEGIN (implicit)
2026-05-23 23:28:45,667 - sqlalchemy.engine.Engine - INFO - PRAGMA main.table_info("saas_users")
2026-05-23 23:28:45,667 - sqlalchemy.engine.Engine - INFO - [raw sql] ()
2026-05-23 23:28:45,669 - sqlalchemy.engine.Engine - INFO - PRAGMA main.table_info("candidates")
2026-05-23 23:28:45,669 - sqlalchemy.engine.Engine - INFO - [raw sql] ()
2026-05-23 23:28:45,670 - sqlalchemy.engine.Engine - INFO - PRAGMA main.table_info("jobs")
2026-05-23 23:28:45,670 - sqlalchemy.engine.Engine - INFO - [raw sql] ()
2026-05-23 23:28:45,670 - sqlalchemy.engine.Engine - INFO - PRAGMA main.table_info("interviews")
2026-05-23 23:28:45,670 - sqlalchemy.engine.Engine - INFO - [raw sql] ()
2026-05-23 23:28:45,671 - sqlalchemy.engine.Engine - INFO - COMMIT
2026-05-23 23:28:47,252 - Nahla HR Management System - INFO - User logged in: admin1
2026-05-23 23:28:47,260 - sqlalchemy.engine.Engine - INFO - BEGIN (implicit)
2026-05-23 23:28:47,261 - sqlalchemy.engine.Engine - INFO - INSERT INTO jobs (title, department, description, requirements, keywords, status, created_at, updated_at, company_id) VALUES (?, ?, ?, ?, ?, ?, ?, ?, ?)
2026-05-23 23:28:47,261 - sqlalchemy.engine.Engine - INFO - [cached since 52.65s ago] ('Senior Python Developer', 'Engineering', 'Build scalable APIs', '', 'python, fastapi, react, postgresql, docker', 'open', '2026-05-23 20:28:47.261443', '2026-05-23 20:28:47.261450', 'COMPANY_1')
2026-05-23 23:28:47,263 - sqlalchemy.engine.Engine - INFO - COMMIT
2026-05-23 23:28:47,285 - sqlalchemy.engine.Engine - INFO - BEGIN (implicit)
2026-05-23 23:28:47,285 - sqlalchemy.engine.Engine - INFO - SELECT jobs.id, jobs.title, jobs.department, jobs.description, jobs.requirements, jobs.keywords, jobs.status, jobs.created_at, jobs.updated_at, jobs.company_id 
FROM jobs 
WHERE jobs.id = ?
2026-05-23 23:28:47,286 - sqlalchemy.engine.Engine - INFO - [cached since 52.64s ago] (3,)
2026-05-23 23:28:47,288 - sqlalchemy.engine.Engine - INFO - ROLLBACK
2026-05-23 23:28:47,294 - sqlalchemy.engine.Engine - INFO - BEGIN (implicit)
2026-05-23 23:28:47,295 - sqlalchemy.engine.Engine - INFO - SELECT jobs.id AS jobs_id, jobs.title AS jobs_title, jobs.department AS jobs_department, jobs.description AS jobs_description, jobs.requirements AS jobs_requirements, jobs.keywords AS jobs_keywords, jobs.status AS jobs_status, jobs.created_at AS jobs_created_at, jobs.updated_at AS jobs_updated_at, jobs.company_id AS jobs_company_id 
FROM jobs 
WHERE jobs.company_id = ? ORDER BY jobs.created_at DESC
2026-05-23 23:28:47,295 - sqlalchemy.engine.Engine - INFO - [cached since 52.63s ago] ('COMPANY_1',)
2026-05-23 23:28:47,297 - sqlalchemy.engine.Engine - INFO - ROLLBACK
2026-05-23 23:29:02,075 - sqlalchemy.engine.Engine - INFO - BEGIN (implicit)
2026-05-23 23:29:02,077 - sqlalchemy.engine.Engine - INFO - PRAGMA main.table_info("saas_users")
2026-05-23 23:29:02,077 - sqlalchemy.engine.Engine - INFO - [raw sql] ()
2026-05-23 23:29:02,079 - sqlalchemy.engine.Engine - INFO - PRAGMA main.table_info("candidates")
2026-05-23 23:29:02,080 - sqlalchemy.engine.Engine - INFO - [raw sql] ()
2026-05-23 23:29:02,080 - sqlalchemy.engine.Engine - INFO - PRAGMA main.table_info("jobs")
2026-05-23 23:29:02,081 - sqlalchemy.engine.Engine - INFO - [raw sql] ()
2026-05-23 23:29:02,081 - sqlalchemy.engine.Engine - INFO - PRAGMA main.table_info("interviews")
2026-05-23 23:29:02,081 - sqlalchemy.engine.Engine - INFO - [raw sql] ()
2026-05-23 23:29:02,082 - sqlalchemy.engine.Engine - INFO - COMMIT
2026-05-23 23:29:20,601 - sqlalchemy.engine.Engine - INFO - BEGIN (implicit)
2026-05-23 23:29:20,601 - sqlalchemy.engine.Engine - INFO - PRAGMA main.table_info("saas_users")
2026-05-23 23:29:20,601 - sqlalchemy.engine.Engine - INFO - [raw sql] ()
2026-05-23 23:29:20,603 - sqlalchemy.engine.Engine - INFO - PRAGMA main.table_info("candidates")
2026-05-23 23:29:20,603 - sqlalchemy.engine.Engine - INFO - [raw sql] ()
2026-05-23 23:29:20,603 - sqlalchemy.engine.Engine - INFO - PRAGMA main.table_info("jobs")
2026-05-23 23:29:20,604 - sqlalchemy.engine.Engine - INFO - [raw sql] ()
2026-05-23 23:29:20,606 - sqlalchemy.engine.Engine - INFO - PRAGMA main.table_info("interviews")
2026-05-23 23:29:20,607 - sqlalchemy.engine.Engine - INFO - [raw sql] ()
2026-05-23 23:29:20,608 - sqlalchemy.engine.Engine - INFO - COMMIT
2026-05-23 23:29:23,569 - Nahla HR Management System - INFO - User logged in: admin1
2026-05-23 23:29:23,604 - sqlalchemy.engine.Engine - INFO - BEGIN (implicit)
2026-05-23 23:29:23,610 - sqlalchemy.engine.Engine - INFO - INSERT INTO jobs (title, department, description, requirements, keywords, status, created_at, updated_at, company_id) VALUES (?, ?, ?, ?, ?, ?, ?, ?, ?)
2026-05-23 23:29:23,610 - sqlalchemy.engine.Engine - INFO - [generated in 0.00067s] ('Senior Python Developer', 'Engineering', 'Build scalable APIs', '', 'python, fastapi, react, postgresql, docker', 'open', '2026-05-23 20:29:23.609980', '2026-05-23 20:29:23.609989', 'COMPANY_1')
2026-05-23 23:29:23,612 - sqlalchemy.engine.Engine - INFO - COMMIT
2026-05-23 23:29:23,634 - sqlalchemy.engine.Engine - INFO - BEGIN (implicit)
2026-05-23 23:29:23,640 - sqlalchemy.engine.Engine - INFO - SELECT jobs.id, jobs.title, jobs.department, jobs.description, jobs.requirements, jobs.keywords, jobs.status, jobs.created_at, jobs.updated_at, jobs.company_id 
FROM jobs 
WHERE jobs.id = ?
2026-05-23 23:29:23,640 - sqlalchemy.engine.Engine - INFO - [generated in 0.00074s] (4,)
2026-05-23 23:29:23,645 - sqlalchemy.engine.Engine - INFO - ROLLBACK
2026-05-23 23:29:23,651 - sqlalchemy.engine.Engine - INFO - BEGIN (implicit)
2026-05-23 23:29:23,653 - sqlalchemy.engine.Engine - INFO - SELECT jobs.id AS jobs_id, jobs.title AS jobs_title, jobs.department AS jobs_department, jobs.description AS jobs_description, jobs.requirements AS jobs_requirements, jobs.keywords AS jobs_keywords, jobs.status AS jobs_status, jobs.created_at AS jobs_created_at, jobs.updated_at AS jobs_updated_at, jobs.company_id AS jobs_company_id 
FROM jobs 
WHERE jobs.company_id = ? ORDER BY jobs.created_at DESC
2026-05-23 23:29:23,653 - sqlalchemy.engine.Engine - INFO - [generated in 0.00036s] ('COMPANY_1',)
2026-05-23 23:29:23,662 - sqlalchemy.engine.Engine - INFO - ROLLBACK
2026-05-23 23:29:23,936 - sqlalchemy.engine.Engine - INFO - BEGIN (implicit)
2026-05-23 23:29:23,940 - sqlalchemy.engine.Engine - INFO - SELECT jobs.id AS jobs_id, jobs.title AS jobs_title, jobs.department AS jobs_department, jobs.description AS jobs_description, jobs.requirements AS jobs_requirements, jobs.keywords AS jobs_keywords, jobs.status AS jobs_status, jobs.created_at AS jobs_created_at, jobs.updated_at AS jobs_updated_at, jobs.company_id AS jobs_company_id 
FROM jobs 
WHERE jobs.id = ? AND jobs.company_id = ?
 LIMIT ? OFFSET ?
2026-05-23 23:29:23,941 - sqlalchemy.engine.Engine - INFO - [generated in 0.00154s] (4, 'COMPANY_1', 1, 0)
2026-05-23 23:29:23,953 - sqlalchemy.engine.Engine - INFO - INSERT INTO candidates (name, email, phone, cv_text, cv_filename, score, status, skills, experience_years, job_id, created_at, updated_at, company_id) VALUES (?, ?, ?, ?, ?, ?, ?, ?, ?, ?, ?, ?, ?)
2026-05-23 23:29:23,953 - sqlalchemy.engine.Engine - INFO - [generated in 0.00050s] ('John Doe', 'john@example.com', '', '%PDF-1.4 fake pdf \nJohn Doe\nSenior Software Engineer\njohn@example.com\n\nExperience:\n5+ years of experience in full-stack development\n\nSkills:\ ... (134 characters truncated) ... roservices architecture with Python and FastAPI\nDesigned React-based dashboards for internal tools\nManaged PostgreSQL databases with 99.9% uptime\n', 'test.pdf', 51.0, 'new', 'react, python, kubernetes, aws, postgresql, fastapi, git, microservices, docker', 5.0, 4, '2026-05-23 20:29:23.953543', '2026-05-23 20:29:23.953549', 'COMPANY_1')
2026-05-23 23:29:23,968 - sqlalchemy.engine.Engine - INFO - COMMIT
2026-05-23 23:29:23,994 - sqlalchemy.engine.Engine - INFO - BEGIN (implicit)
2026-05-23 23:29:23,996 - sqlalchemy.engine.Engine - INFO - SELECT candidates.id, candidates.name, candidates.email, candidates.phone, candidates.cv_text, candidates.cv_filename, candidates.score, candidates.status, candidates.skills, candidates.experience_years, candidates.job_id, candidates.created_at, candidates.updated_at, candidates.company_id 
FROM candidates 
WHERE candidates.id = ?
2026-05-23 23:29:23,996 - sqlalchemy.engine.Engine - INFO - [generated in 0.00042s] (1,)
2026-05-23 23:29:23,999 - sqlalchemy.engine.Engine - INFO - ROLLBACK
2026-05-23 23:29:24,003 - sqlalchemy.engine.Engine - INFO - BEGIN (implicit)
2026-05-23 23:29:24,008 - sqlalchemy.engine.Engine - INFO - SELECT candidates.id AS candidates_id, candidates.name AS candidates_name, candidates.email AS candidates_email, candidates.phone AS candidates_phone, candidates.cv_text AS candidates_cv_text, candidates.cv_filename AS candidates_cv_filename, candidates.score AS candidates_score, candidates.status AS candidates_status, candidates.skills AS candidates_skills, candidates.experience_years AS candidates_experience_years, candidates.job_id AS candidates_job_id, candidates.created_at AS candidates_created_at, candidates.updated_at AS candidates_updated_at, candidates.company_id AS candidates_company_id 
FROM candidates 
WHERE candidates.company_id = ? ORDER BY candidates.score DESC
2026-05-23 23:29:24,008 - sqlalchemy.engine.Engine - INFO - [generated in 0.00121s] ('COMPANY_1',)
2026-05-23 23:29:24,014 - sqlalchemy.engine.Engine - INFO - ROLLBACK
2026-05-23 23:29:24,029 - sqlalchemy.engine.Engine - INFO - BEGIN (implicit)
2026-05-23 23:29:24,031 - sqlalchemy.engine.Engine - INFO - SELECT candidates.id AS candidates_id, candidates.name AS candidates_name, candidates.email AS candidates_email, candidates.phone AS candidates_phone, candidates.cv_text AS candidates_cv_text, candidates.cv_filename AS candidates_cv_filename, candidates.score AS candidates_score, candidates.status AS candidates_status, candidates.skills AS candidates_skills, candidates.experience_years AS candidates_experience_years, candidates.job_id AS candidates_job_id, candidates.created_at AS candidates_created_at, candidates.updated_at AS candidates_updated_at, candidates.company_id AS candidates_company_id 
FROM candidates 
WHERE candidates.id = ? AND candidates.company_id = ?
 LIMIT ? OFFSET ?
2026-05-23 23:29:24,031 - sqlalchemy.engine.Engine - INFO - [generated in 0.00046s] (1, 'COMPANY_1', 1, 0)
2026-05-23 23:29:24,033 - sqlalchemy.engine.Engine - INFO - SELECT jobs.id AS jobs_id, jobs.title AS jobs_title, jobs.department AS jobs_department, jobs.description AS jobs_description, jobs.requirements AS jobs_requirements, jobs.keywords AS jobs_keywords, jobs.status AS jobs_status, jobs.created_at AS jobs_created_at, jobs.updated_at AS jobs_updated_at, jobs.company_id AS jobs_company_id 
FROM jobs 
WHERE jobs.id = ? AND jobs.company_id = ?
 LIMIT ? OFFSET ?
2026-05-23 23:29:24,033 - sqlalchemy.engine.Engine - INFO - [cached since 0.09329s ago] (4, 'COMPANY_1', 1, 0)
2026-05-23 23:29:24,039 - sqlalchemy.engine.Engine - INFO - SELECT interviews.id AS interviews_id, interviews.candidate_id AS interviews_candidate_id, interviews.job_id AS interviews_job_id, interviews.scheduled_time AS interviews_scheduled_time, interviews.duration_minutes AS interviews_duration_minutes, interviews.status AS interviews_status, interviews.notes AS interviews_notes, interviews.created_at AS interviews_created_at, interviews.updated_at AS interviews_updated_at, interviews.company_id AS interviews_company_id 
FROM interviews 
WHERE interviews.scheduled_time = ? AND interviews.company_id = ? AND interviews.status != ?
 LIMIT ? OFFSET ?
2026-05-23 23:29:24,040 - sqlalchemy.engine.Engine - INFO - [generated in 0.00125s] ('2026-05-25 20:29:24.020438', 'COMPANY_1', 'cancelled', 1, 0)
2026-05-23 23:29:24,045 - sqlalchemy.engine.Engine - INFO - INSERT INTO interviews (candidate_id, job_id, scheduled_time, duration_minutes, status, notes, created_at, updated_at, company_id) VALUES (?, ?, ?, ?, ?, ?, ?, ?, ?)
2026-05-23 23:29:24,046 - sqlalchemy.engine.Engine - INFO - [generated in 0.00059s] (1, 4, '2026-05-25 20:29:24.020438', 60, 'scheduled', '', '2026-05-23 20:29:24.045570', '2026-05-23 20:29:24.045577', 'COMPANY_1')
2026-05-23 23:29:24,048 - sqlalchemy.engine.Engine - INFO - COMMIT
2026-05-23 23:29:24,074 - sqlalchemy.engine.Engine - INFO - BEGIN (implicit)
2026-05-23 23:29:24,077 - sqlalchemy.engine.Engine - INFO - SELECT interviews.id, interviews.candidate_id, interviews.job_id, interviews.scheduled_time, interviews.duration_minutes, interviews.status, interviews.notes, interviews.created_at, interviews.updated_at, interviews.company_id 
FROM interviews 
WHERE interviews.id = ?
2026-05-23 23:29:24,077 - sqlalchemy.engine.Engine - INFO - [generated in 0.00068s] (1,)
2026-05-23 23:29:24,080 - sqlalchemy.engine.Engine - INFO - ROLLBACK
2026-05-23 23:29:24,084 - sqlalchemy.engine.Engine - INFO - BEGIN (implicit)
2026-05-23 23:29:24,085 - sqlalchemy.engine.Engine - INFO - SELECT candidates.id AS candidates_id, candidates.name AS candidates_name, candidates.email AS candidates_email, candidates.phone AS candidates_phone, candidates.cv_text AS candidates_cv_text, candidates.cv_filename AS candidates_cv_filename, candidates.score AS candidates_score, candidates.status AS candidates_status, candidates.skills AS candidates_skills, candidates.experience_years AS candidates_experience_years, candidates.job_id AS candidates_job_id, candidates.created_at AS candidates_created_at, candidates.updated_at AS candidates_updated_at, candidates.company_id AS candidates_company_id 
FROM candidates 
WHERE candidates.id = ? AND candidates.company_id = ?
 LIMIT ? OFFSET ?
2026-05-23 23:29:24,085 - sqlalchemy.engine.Engine - INFO - [cached since 0.05455s ago] (1, 'COMPANY_1', 1, 0)
2026-05-23 23:29:24,086 - sqlalchemy.engine.Engine - INFO - SELECT jobs.id AS jobs_id, jobs.title AS jobs_title, jobs.department AS jobs_department, jobs.description AS jobs_description, jobs.requirements AS jobs_requirements, jobs.keywords AS jobs_keywords, jobs.status AS jobs_status, jobs.created_at AS jobs_created_at, jobs.updated_at AS jobs_updated_at, jobs.company_id AS jobs_company_id 
FROM jobs 
WHERE jobs.id = ? AND jobs.company_id = ?
 LIMIT ? OFFSET ?
2026-05-23 23:29:24,087 - sqlalchemy.engine.Engine - INFO - [cached since 0.147s ago] (4, 'COMPANY_1', 1, 0)
2026-05-23 23:29:24,092 - sqlalchemy.engine.Engine - INFO - SELECT interviews.id AS interviews_id, interviews.candidate_id AS interviews_candidate_id, interviews.job_id AS interviews_job_id, interviews.scheduled_time AS interviews_scheduled_time, interviews.duration_minutes AS interviews_duration_minutes, interviews.status AS interviews_status, interviews.notes AS interviews_notes, interviews.created_at AS interviews_created_at, interviews.updated_at AS interviews_updated_at, interviews.company_id AS interviews_company_id 
FROM interviews 
WHERE interviews.scheduled_time = ? AND interviews.company_id = ? AND interviews.status != ?
 LIMIT ? OFFSET ?
2026-05-23 23:29:24,092 - sqlalchemy.engine.Engine - INFO - [cached since 0.05376s ago] ('2026-05-25 20:29:24.020438', 'COMPANY_1', 'cancelled', 1, 0)
2026-05-23 23:29:24,094 - sqlalchemy.engine.Engine - INFO - ROLLBACK
2026-05-23 23:29:24,100 - sqlalchemy.engine.Engine - INFO - BEGIN (implicit)
2026-05-23 23:29:24,102 - sqlalchemy.engine.Engine - INFO - SELECT interviews.id AS interviews_id, interviews.candidate_id AS interviews_candidate_id, interviews.job_id AS interviews_job_id, interviews.scheduled_time AS interviews_scheduled_time, interviews.duration_minutes AS interviews_duration_minutes, interviews.status AS interviews_status, interviews.notes AS interviews_notes, interviews.created_at AS interviews_created_at, interviews.updated_at AS interviews_updated_at, interviews.company_id AS interviews_company_id 
FROM interviews 
WHERE interviews.company_id = ? ORDER BY interviews.scheduled_time
2026-05-23 23:29:24,102 - sqlalchemy.engine.Engine - INFO - [generated in 0.00048s] ('COMPANY_1',)
2026-05-23 23:29:24,108 - sqlalchemy.engine.Engine - INFO - SELECT candidates.id AS candidates_id, candidates.name AS candidates_name, candidates.email AS candidates_email, candidates.phone AS candidates_phone, candidates.cv_text AS candidates_cv_text, candidates.cv_filename AS candidates_cv_filename, candidates.score AS candidates_score, candidates.status AS candidates_status, candidates.skills AS candidates_skills, candidates.experience_years AS candidates_experience_years, candidates.job_id AS candidates_job_id, candidates.created_at AS candidates_created_at, candidates.updated_at AS candidates_updated_at, candidates.company_id AS candidates_company_id 
FROM candidates 
WHERE candidates.id = ?
2026-05-23 23:29:24,109 - sqlalchemy.engine.Engine - INFO - [generated in 0.00171s] (1,)
2026-05-23 23:29:24,112 - sqlalchemy.engine.Engine - INFO - SELECT jobs.id AS jobs_id, jobs.title AS jobs_title, jobs.department AS jobs_department, jobs.description AS jobs_description, jobs.requirements AS jobs_requirements, jobs.keywords AS jobs_keywords, jobs.status AS jobs_status, jobs.created_at AS jobs_created_at, jobs.updated_at AS jobs_updated_at, jobs.company_id AS jobs_company_id 
FROM jobs 
WHERE jobs.id = ?
2026-05-23 23:29:24,112 - sqlalchemy.engine.Engine - INFO - [generated in 0.00052s] (4,)
2026-05-23 23:29:24,115 - sqlalchemy.engine.Engine - INFO - ROLLBACK
2026-05-23 23:29:24,119 - sqlalchemy.engine.Engine - INFO - BEGIN (implicit)
2026-05-23 23:29:24,119 - sqlalchemy.engine.Engine - INFO - SELECT jobs.id AS jobs_id, jobs.title AS jobs_title, jobs.department AS jobs_department, jobs.description AS jobs_description, jobs.requirements AS jobs_requirements, jobs.keywords AS jobs_keywords, jobs.status AS jobs_status, jobs.created_at AS jobs_created_at, jobs.updated_at AS jobs_updated_at, jobs.company_id AS jobs_company_id 
FROM jobs 
WHERE jobs.company_id = ? ORDER BY jobs.created_at DESC
2026-05-23 23:29:24,119 - sqlalchemy.engine.Engine - INFO - [cached since 0.4663s ago] ('COMPANY_2',)
2026-05-23 23:29:24,123 - sqlalchemy.engine.Engine - INFO - ROLLBACK
2026-05-23 23:29:24,131 - sqlalchemy.engine.Engine - INFO - BEGIN (implicit)
2026-05-23 23:29:24,132 - sqlalchemy.engine.Engine - INFO - SELECT jobs.id AS jobs_id, jobs.title AS jobs_title, jobs.department AS jobs_department, jobs.description AS jobs_description, jobs.requirements AS jobs_requirements, jobs.keywords AS jobs_keywords, jobs.status AS jobs_status, jobs.created_at AS jobs_created_at, jobs.updated_at AS jobs_updated_at, jobs.company_id AS jobs_company_id 
FROM jobs 
WHERE jobs.company_id = ?
2026-05-23 23:29:24,133 - sqlalchemy.engine.Engine - INFO - [generated in 0.00045s] ('COMPANY_1',)
2026-05-23 23:29:24,136 - sqlalchemy.engine.Engine - INFO - SELECT candidates.id AS candidates_id, candidates.name AS candidates_name, candidates.email AS candidates_email, candidates.phone AS candidates_phone, candidates.cv_text AS candidates_cv_text, candidates.cv_filename AS candidates_cv_filename, candidates.score AS candidates_score, candidates.status AS candidates_status, candidates.skills AS candidates_skills, candidates.experience_years AS candidates_experience_years, candidates.job_id AS candidates_job_id, candidates.created_at AS candidates_created_at, candidates.updated_at AS candidates_updated_at, candidates.company_id AS candidates_company_id 
FROM candidates 
WHERE candidates.company_id = ?
2026-05-23 23:29:24,136 - sqlalchemy.engine.Engine - INFO - [generated in 0.00047s] ('COMPANY_1',)
2026-05-23 23:29:24,141 - sqlalchemy.engine.Engine - INFO - SELECT interviews.id AS interviews_id, interviews.candidate_id AS interviews_candidate_id, interviews.job_id AS interviews_job_id, interviews.scheduled_time AS interviews_scheduled_time, interviews.duration_minutes AS interviews_duration_minutes, interviews.status AS interviews_status, interviews.notes AS interviews_notes, interviews.created_at AS interviews_created_at, interviews.updated_at AS interviews_updated_at, interviews.company_id AS interviews_company_id 
FROM interviews 
WHERE interviews.company_id = ?
2026-05-23 23:29:24,142 - sqlalchemy.engine.Engine - INFO - [generated in 0.00128s] ('COMPANY_1',)
2026-05-23 23:36:11,160 - sqlalchemy.engine.Engine - INFO - BEGIN (implicit)
2026-05-23 23:36:11,161 - sqlalchemy.engine.Engine - INFO - PRAGMA main.table_info("saas_users")
2026-05-23 23:36:11,161 - sqlalchemy.engine.Engine - INFO - [raw sql] ()
2026-05-23 23:36:11,162 - sqlalchemy.engine.Engine - INFO - PRAGMA main.table_info("candidates")
2026-05-23 23:36:11,163 - sqlalchemy.engine.Engine - INFO - [raw sql] ()
2026-05-23 23:36:11,163 - sqlalchemy.engine.Engine - INFO - PRAGMA main.table_info("jobs")
2026-05-23 23:36:11,163 - sqlalchemy.engine.Engine - INFO - [raw sql] ()
2026-05-23 23:36:11,164 - sqlalchemy.engine.Engine - INFO - PRAGMA main.table_info("interviews")
2026-05-23 23:36:11,164 - sqlalchemy.engine.Engine - INFO - [raw sql] ()
2026-05-23 23:36:11,165 - sqlalchemy.engine.Engine - INFO - COMMIT
2026-05-23 23:36:13,452 - sqlalchemy.engine.Engine - INFO - BEGIN (implicit)
2026-05-23 23:36:13,452 - sqlalchemy.engine.Engine - INFO - PRAGMA main.table_info("saas_users")
2026-05-23 23:36:13,452 - sqlalchemy.engine.Engine - INFO - [raw sql] ()
2026-05-23 23:36:13,454 - sqlalchemy.engine.Engine - INFO - PRAGMA main.table_info("candidates")
2026-05-23 23:36:13,454 - sqlalchemy.engine.Engine - INFO - [raw sql] ()
2026-05-23 23:36:13,455 - sqlalchemy.engine.Engine - INFO - PRAGMA main.table_info("jobs")
2026-05-23 23:36:13,455 - sqlalchemy.engine.Engine - INFO - [raw sql] ()
2026-05-23 23:36:13,455 - sqlalchemy.engine.Engine - INFO - PRAGMA main.table_info("interviews")
2026-05-23 23:36:13,456 - sqlalchemy.engine.Engine - INFO - [raw sql] ()
2026-05-23 23:36:13,456 - sqlalchemy.engine.Engine - INFO - COMMIT
2026-05-23 23:37:40,412 - sqlalchemy.engine.Engine - INFO - BEGIN (implicit)
2026-05-23 23:37:40,414 - sqlalchemy.engine.Engine - INFO - PRAGMA main.table_info("saas_users")
2026-05-23 23:37:40,415 - sqlalchemy.engine.Engine - INFO - [raw sql] ()
2026-05-23 23:37:40,417 - sqlalchemy.engine.Engine - INFO - PRAGMA main.table_info("candidates")
2026-05-23 23:37:40,417 - sqlalchemy.engine.Engine - INFO - [raw sql] ()
2026-05-23 23:37:40,418 - sqlalchemy.engine.Engine - INFO - PRAGMA main.table_info("jobs")
2026-05-23 23:37:40,418 - sqlalchemy.engine.Engine - INFO - [raw sql] ()
2026-05-23 23:37:40,418 - sqlalchemy.engine.Engine - INFO - PRAGMA main.table_info("interviews")
2026-05-23 23:37:40,419 - sqlalchemy.engine.Engine - INFO - [raw sql] ()
2026-05-23 23:37:40,422 - sqlalchemy.engine.Engine - INFO - COMMIT
2026-05-23 23:37:57,292 - sqlalchemy.engine.Engine - INFO - BEGIN (implicit)
2026-05-23 23:37:57,292 - sqlalchemy.engine.Engine - INFO - PRAGMA main.table_info("saas_users")
2026-05-23 23:37:57,292 - sqlalchemy.engine.Engine - INFO - [raw sql] ()
2026-05-23 23:37:57,294 - sqlalchemy.engine.Engine - INFO - PRAGMA main.table_info("candidates")
2026-05-23 23:37:57,295 - sqlalchemy.engine.Engine - INFO - [raw sql] ()
2026-05-23 23:37:57,295 - sqlalchemy.engine.Engine - INFO - PRAGMA main.table_info("jobs")
2026-05-23 23:37:57,296 - sqlalchemy.engine.Engine - INFO - [raw sql] ()
2026-05-23 23:37:57,296 - sqlalchemy.engine.Engine - INFO - PRAGMA main.table_info("interviews")
2026-05-23 23:37:57,296 - sqlalchemy.engine.Engine - INFO - [raw sql] ()
2026-05-23 23:37:57,297 - sqlalchemy.engine.Engine - INFO - COMMIT
2026-05-23 23:38:18,184 - sqlalchemy.engine.Engine - INFO - BEGIN (implicit)
2026-05-23 23:38:18,184 - sqlalchemy.engine.Engine - INFO - PRAGMA main.table_info("saas_users")
2026-05-23 23:38:18,185 - sqlalchemy.engine.Engine - INFO - [raw sql] ()
2026-05-23 23:38:18,187 - sqlalchemy.engine.Engine - INFO - PRAGMA main.table_info("candidates")
2026-05-23 23:38:18,187 - sqlalchemy.engine.Engine - INFO - [raw sql] ()
2026-05-23 23:38:18,188 - sqlalchemy.engine.Engine - INFO - PRAGMA main.table_info("jobs")
2026-05-23 23:38:18,188 - sqlalchemy.engine.Engine - INFO - [raw sql] ()
2026-05-23 23:38:18,188 - sqlalchemy.engine.Engine - INFO - PRAGMA main.table_info("interviews")
2026-05-23 23:38:18,189 - sqlalchemy.engine.Engine - INFO - [raw sql] ()
2026-05-23 23:38:18,189 - sqlalchemy.engine.Engine - INFO - COMMIT
2026-05-23 23:39:30,579 - Nahla HR Management System - INFO - User logged in: HR-S
2026-05-23 23:39:52,937 - Nahla HR Management System - INFO - User logged in: HR-S
2026-05-23 23:56:20,064 - sqlalchemy.engine.Engine - INFO - BEGIN (implicit)
2026-05-23 23:56:20,070 - sqlalchemy.engine.Engine - INFO - SELECT jobs.id AS jobs_id, jobs.title AS jobs_title, jobs.department AS jobs_department, jobs.description AS jobs_description, jobs.requirements AS jobs_requirements, jobs.keywords AS jobs_keywords, jobs.status AS jobs_status, jobs.created_at AS jobs_created_at, jobs.updated_at AS jobs_updated_at, jobs.company_id AS jobs_company_id 
FROM jobs 
WHERE jobs.company_id = ?
2026-05-23 23:56:20,071 - sqlalchemy.engine.Engine - INFO - [generated in 0.00131s] ('COMPANY_1',)
2026-05-23 23:56:20,077 - sqlalchemy.engine.Engine - INFO - SELECT candidates.id AS candidates_id, candidates.name AS candidates_name, candidates.email AS candidates_email, candidates.phone AS candidates_phone, candidates.cv_text AS candidates_cv_text, candidates.cv_filename AS candidates_cv_filename, candidates.score AS candidates_score, candidates.status AS candidates_status, candidates.skills AS candidates_skills, candidates.experience_years AS candidates_experience_years, candidates.job_id AS candidates_job_id, candidates.created_at AS candidates_created_at, candidates.updated_at AS candidates_updated_at, candidates.company_id AS candidates_company_id 
FROM candidates 
WHERE candidates.company_id = ?
2026-05-23 23:56:20,078 - sqlalchemy.engine.Engine - INFO - [generated in 0.00096s] ('COMPANY_1',)
2026-05-23 23:56:20,082 - sqlalchemy.engine.Engine - INFO - SELECT interviews.id AS interviews_id, interviews.candidate_id AS interviews_candidate_id, interviews.job_id AS interviews_job_id, interviews.scheduled_time AS interviews_scheduled_time, interviews.duration_minutes AS interviews_duration_minutes, interviews.status AS interviews_status, interviews.notes AS interviews_notes, interviews.created_at AS interviews_created_at, interviews.updated_at AS interviews_updated_at, interviews.company_id AS interviews_company_id 
FROM interviews 
WHERE interviews.company_id = ?
2026-05-23 23:56:20,084 - sqlalchemy.engine.Engine - INFO - [generated in 0.00132s] ('COMPANY_1',)
2026-05-23 23:56:20,087 - sqlalchemy.engine.Engine - INFO - ROLLBACK
2026-05-23 23:56:29,380 - sqlalchemy.engine.Engine - INFO - BEGIN (implicit)
2026-05-23 23:56:29,382 - sqlalchemy.engine.Engine - INFO - SELECT jobs.id AS jobs_id, jobs.title AS jobs_title, jobs.department AS jobs_department, jobs.description AS jobs_description, jobs.requirements AS jobs_requirements, jobs.keywords AS jobs_keywords, jobs.status AS jobs_status, jobs.created_at AS jobs_created_at, jobs.updated_at AS jobs_updated_at, jobs.company_id AS jobs_company_id 
FROM jobs 
WHERE jobs.company_id = ? ORDER BY jobs.created_at DESC
2026-05-23 23:56:29,383 - sqlalchemy.engine.Engine - INFO - [generated in 0.00109s] ('COMPANY_1',)
2026-05-23 23:56:29,387 - sqlalchemy.engine.Engine - INFO - ROLLBACK
2026-05-23 23:56:34,037 - sqlalchemy.engine.Engine - INFO - BEGIN (implicit)
2026-05-23 23:56:34,039 - sqlalchemy.engine.Engine - INFO - SELECT candidates.id AS candidates_id, candidates.name AS candidates_name, candidates.email AS candidates_email, candidates.phone AS candidates_phone, candidates.cv_text AS candidates_cv_text, candidates.cv_filename AS candidates_cv_filename, candidates.score AS candidates_score, candidates.status AS candidates_status, candidates.skills AS candidates_skills, candidates.experience_years AS candidates_experience_years, candidates.job_id AS candidates_job_id, candidates.created_at AS candidates_created_at, candidates.updated_at AS candidates_updated_at, candidates.company_id AS candidates_company_id 
FROM candidates 
WHERE candidates.company_id = ? ORDER BY candidates.score DESC
2026-05-23 23:56:34,041 - sqlalchemy.engine.Engine - INFO - [generated in 0.00138s] ('COMPANY_1',)
2026-05-23 23:56:34,045 - sqlalchemy.engine.Engine - INFO - ROLLBACK
2026-05-23 23:56:47,040 - sqlalchemy.engine.Engine - INFO - BEGIN (implicit)
2026-05-23 23:56:47,041 - sqlalchemy.engine.Engine - INFO - SELECT candidates.id AS candidates_id, candidates.name AS candidates_name, candidates.email AS candidates_email, candidates.phone AS candidates_phone, candidates.cv_text AS candidates_cv_text, candidates.cv_filename AS candidates_cv_filename, candidates.score AS candidates_score, candidates.status AS candidates_status, candidates.skills AS candidates_skills, candidates.experience_years AS candidates_experience_years, candidates.job_id AS candidates_job_id, candidates.created_at AS candidates_created_at, candidates.updated_at AS candidates_updated_at, candidates.company_id AS candidates_company_id 
FROM candidates 
WHERE candidates.company_id = ? ORDER BY candidates.score DESC
2026-05-23 23:56:47,042 - sqlalchemy.engine.Engine - INFO - [cached since 13s ago] ('COMPANY_2',)
2026-05-23 23:56:47,046 - sqlalchemy.engine.Engine - INFO - ROLLBACK
2026-05-23 23:56:49,386 - sqlalchemy.engine.Engine - INFO - BEGIN (implicit)
2026-05-23 23:56:49,387 - sqlalchemy.engine.Engine - INFO - SELECT candidates.id AS candidates_id, candidates.name AS candidates_name, candidates.email AS candidates_email, candidates.phone AS candidates_phone, candidates.cv_text AS candidates_cv_text, candidates.cv_filename AS candidates_cv_filename, candidates.score AS candidates_score, candidates.status AS candidates_status, candidates.skills AS candidates_skills, candidates.experience_years AS candidates_experience_years, candidates.job_id AS candidates_job_id, candidates.created_at AS candidates_created_at, candidates.updated_at AS candidates_updated_at, candidates.company_id AS candidates_company_id 
FROM candidates 
WHERE candidates.company_id = ? ORDER BY candidates.score DESC
2026-05-23 23:56:49,388 - sqlalchemy.engine.Engine - INFO - [cached since 15.35s ago] ('COMPANY_1',)
2026-05-23 23:56:49,392 - sqlalchemy.engine.Engine - INFO - ROLLBACK
2026-05-23 23:57:14,880 - sqlalchemy.engine.Engine - INFO - BEGIN (implicit)
2026-05-23 23:57:14,881 - sqlalchemy.engine.Engine - INFO - SELECT jobs.id AS jobs_id, jobs.title AS jobs_title, jobs.department AS jobs_department, jobs.description AS jobs_description, jobs.requirements AS jobs_requirements, jobs.keywords AS jobs_keywords, jobs.status AS jobs_status, jobs.created_at AS jobs_created_at, jobs.updated_at AS jobs_updated_at, jobs.company_id AS jobs_company_id 
FROM jobs 
WHERE jobs.company_id = ? ORDER BY jobs.created_at DESC
2026-05-23 23:57:14,882 - sqlalchemy.engine.Engine - INFO - [cached since 45.5s ago] ('COMPANY_1',)
2026-05-23 23:57:14,885 - sqlalchemy.engine.Engine - INFO - ROLLBACK
2026-05-23 23:58:23,135 - sqlalchemy.engine.Engine - INFO - BEGIN (implicit)
2026-05-23 23:58:23,135 - sqlalchemy.engine.Engine - INFO - PRAGMA main.table_info("saas_users")
2026-05-23 23:58:23,136 - sqlalchemy.engine.Engine - INFO - [raw sql] ()
2026-05-23 23:58:23,137 - sqlalchemy.engine.Engine - INFO - PRAGMA main.table_info("candidates")
2026-05-23 23:58:23,138 - sqlalchemy.engine.Engine - INFO - [raw sql] ()
2026-05-23 23:58:23,138 - sqlalchemy.engine.Engine - INFO - PRAGMA main.table_info("jobs")
2026-05-23 23:58:23,138 - sqlalchemy.engine.Engine - INFO - [raw sql] ()
2026-05-23 23:58:23,139 - sqlalchemy.engine.Engine - INFO - PRAGMA main.table_info("interviews")
2026-05-23 23:58:23,139 - sqlalchemy.engine.Engine - INFO - [raw sql] ()
2026-05-23 23:58:23,140 - sqlalchemy.engine.Engine - INFO - COMMIT
2026-05-23 23:58:35,159 - sqlalchemy.engine.Engine - INFO - BEGIN (implicit)
2026-05-23 23:58:35,160 - sqlalchemy.engine.Engine - INFO - PRAGMA main.table_info("saas_users")
2026-05-23 23:58:35,161 - sqlalchemy.engine.Engine - INFO - [raw sql] ()
2026-05-23 23:58:35,163 - sqlalchemy.engine.Engine - INFO - PRAGMA main.table_info("candidates")
2026-05-23 23:58:35,163 - sqlalchemy.engine.Engine - INFO - [raw sql] ()
2026-05-23 23:58:35,164 - sqlalchemy.engine.Engine - INFO - PRAGMA main.table_info("jobs")
2026-05-23 23:58:35,164 - sqlalchemy.engine.Engine - INFO - [raw sql] ()
2026-05-23 23:58:35,165 - sqlalchemy.engine.Engine - INFO - PRAGMA main.table_info("interviews")
2026-05-23 23:58:35,165 - sqlalchemy.engine.Engine - INFO - [raw sql] ()
2026-05-23 23:58:35,167 - sqlalchemy.engine.Engine - INFO - COMMIT
2026-05-23 23:58:35,424 - sqlalchemy.engine.Engine - INFO - BEGIN (implicit)
2026-05-23 23:58:35,425 - sqlalchemy.engine.Engine - INFO - SELECT jobs.id AS jobs_id, jobs.title AS jobs_title, jobs.department AS jobs_department, jobs.description AS jobs_description, jobs.requirements AS jobs_requirements, jobs.keywords AS jobs_keywords, jobs.status AS jobs_status, jobs.created_at AS jobs_created_at, jobs.updated_at AS jobs_updated_at, jobs.company_id AS jobs_company_id 
FROM jobs 
WHERE jobs.company_id = ?
2026-05-23 23:58:35,426 - sqlalchemy.engine.Engine - INFO - [cached since 135.4s ago] ('COMPANY_1',)
2026-05-23 23:58:35,428 - sqlalchemy.engine.Engine - INFO - SELECT candidates.id AS candidates_id, candidates.name AS candidates_name, candidates.email AS candidates_email, candidates.phone AS candidates_phone, candidates.cv_text AS candidates_cv_text, candidates.cv_filename AS candidates_cv_filename, candidates.score AS candidates_score, candidates.status AS candidates_status, candidates.skills AS candidates_skills, candidates.experience_years AS candidates_experience_years, candidates.job_id AS candidates_job_id, candidates.created_at AS candidates_created_at, candidates.updated_at AS candidates_updated_at, candidates.company_id AS candidates_company_id 
FROM candidates 
WHERE candidates.company_id = ?
2026-05-23 23:58:35,429 - sqlalchemy.engine.Engine - INFO - [cached since 135.4s ago] ('COMPANY_1',)
2026-05-23 23:58:35,430 - sqlalchemy.engine.Engine - INFO - SELECT interviews.id AS interviews_id, interviews.candidate_id AS interviews_candidate_id, interviews.job_id AS interviews_job_id, interviews.scheduled_time AS interviews_scheduled_time, interviews.duration_minutes AS interviews_duration_minutes, interviews.status AS interviews_status, interviews.notes AS interviews_notes, interviews.created_at AS interviews_created_at, interviews.updated_at AS interviews_updated_at, interviews.company_id AS interviews_company_id 
FROM interviews 
WHERE interviews.company_id = ?
2026-05-23 23:58:35,431 - sqlalchemy.engine.Engine - INFO - [cached since 135.3s ago] ('COMPANY_1',)
2026-05-23 23:58:35,434 - sqlalchemy.engine.Engine - INFO - ROLLBACK
2026-05-23 23:59:00,872 - sqlalchemy.engine.Engine - INFO - BEGIN (implicit)
2026-05-23 23:59:00,872 - sqlalchemy.engine.Engine - INFO - PRAGMA main.table_info("saas_users")
2026-05-23 23:59:00,873 - sqlalchemy.engine.Engine - INFO - [raw sql] ()
2026-05-23 23:59:00,874 - sqlalchemy.engine.Engine - INFO - PRAGMA main.table_info("candidates")
2026-05-23 23:59:00,874 - sqlalchemy.engine.Engine - INFO - [raw sql] ()
2026-05-23 23:59:00,875 - sqlalchemy.engine.Engine - INFO - PRAGMA main.table_info("jobs")
2026-05-23 23:59:00,875 - sqlalchemy.engine.Engine - INFO - [raw sql] ()
2026-05-23 23:59:00,876 - sqlalchemy.engine.Engine - INFO - PRAGMA main.table_info("interviews")
2026-05-23 23:59:00,877 - sqlalchemy.engine.Engine - INFO - [raw sql] ()
2026-05-23 23:59:00,877 - sqlalchemy.engine.Engine - INFO - COMMIT
2026-05-23 23:59:03,890 - sqlalchemy.engine.Engine - INFO - BEGIN (implicit)
2026-05-23 23:59:03,892 - sqlalchemy.engine.Engine - INFO - PRAGMA main.table_info("saas_users")
2026-05-23 23:59:03,893 - sqlalchemy.engine.Engine - INFO - [raw sql] ()
2026-05-23 23:59:03,899 - sqlalchemy.engine.Engine - INFO - PRAGMA main.table_info("candidates")
2026-05-23 23:59:03,899 - sqlalchemy.engine.Engine - INFO - [raw sql] ()
2026-05-23 23:59:03,904 - sqlalchemy.engine.Engine - INFO - PRAGMA main.table_info("jobs")
2026-05-23 23:59:03,905 - sqlalchemy.engine.Engine - INFO - [raw sql] ()
2026-05-23 23:59:03,905 - sqlalchemy.engine.Engine - INFO - PRAGMA main.table_info("interviews")
2026-05-23 23:59:03,906 - sqlalchemy.engine.Engine - INFO - [raw sql] ()
2026-05-23 23:59:03,906 - sqlalchemy.engine.Engine - INFO - COMMIT
2026-05-23 23:59:25,957 - sqlalchemy.engine.Engine - INFO - BEGIN (implicit)
2026-05-23 23:59:25,957 - sqlalchemy.engine.Engine - INFO - PRAGMA main.table_info("saas_users")
2026-05-23 23:59:25,958 - sqlalchemy.engine.Engine - INFO - [raw sql] ()
2026-05-23 23:59:25,960 - sqlalchemy.engine.Engine - INFO - PRAGMA main.table_info("candidates")
2026-05-23 23:59:25,960 - sqlalchemy.engine.Engine - INFO - [raw sql] ()
2026-05-23 23:59:25,961 - sqlalchemy.engine.Engine - INFO - PRAGMA main.table_info("jobs")
2026-05-23 23:59:25,961 - sqlalchemy.engine.Engine - INFO - [raw sql] ()
2026-05-23 23:59:25,962 - sqlalchemy.engine.Engine - INFO - PRAGMA main.table_info("interviews")
2026-05-23 23:59:25,962 - sqlalchemy.engine.Engine - INFO - [raw sql] ()
2026-05-23 23:59:25,963 - sqlalchemy.engine.Engine - INFO - COMMIT
2026-05-23 23:59:28,836 - sqlalchemy.engine.Engine - INFO - BEGIN (implicit)
2026-05-23 23:59:28,836 - sqlalchemy.engine.Engine - INFO - PRAGMA main.table_info("saas_users")
2026-05-23 23:59:28,836 - sqlalchemy.engine.Engine - INFO - [raw sql] ()
2026-05-23 23:59:28,838 - sqlalchemy.engine.Engine - INFO - PRAGMA main.table_info("candidates")
2026-05-23 23:59:28,838 - sqlalchemy.engine.Engine - INFO - [raw sql] ()
2026-05-23 23:59:28,840 - sqlalchemy.engine.Engine - INFO - PRAGMA main.table_info("jobs")
2026-05-23 23:59:28,841 - sqlalchemy.engine.Engine - INFO - [raw sql] ()
2026-05-23 23:59:28,842 - sqlalchemy.engine.Engine - INFO - PRAGMA main.table_info("interviews")
2026-05-23 23:59:28,843 - sqlalchemy.engine.Engine - INFO - [raw sql] ()
2026-05-23 23:59:28,844 - sqlalchemy.engine.Engine - INFO - COMMIT
2026-05-23 23:59:36,098 - watchfiles.main - INFO - 1 change detected
2026-05-23 23:59:51,758 - sqlalchemy.engine.Engine - INFO - BEGIN (implicit)
2026-05-23 23:59:51,759 - sqlalchemy.engine.Engine - INFO - PRAGMA main.table_info("saas_users")
2026-05-23 23:59:51,759 - sqlalchemy.engine.Engine - INFO - [raw sql] ()
2026-05-23 23:59:51,761 - sqlalchemy.engine.Engine - INFO - PRAGMA main.table_info("candidates")
2026-05-23 23:59:51,761 - sqlalchemy.engine.Engine - INFO - [raw sql] ()
2026-05-23 23:59:51,762 - sqlalchemy.engine.Engine - INFO - PRAGMA main.table_info("jobs")
2026-05-23 23:59:51,762 - sqlalchemy.engine.Engine - INFO - [raw sql] ()
2026-05-23 23:59:51,763 - sqlalchemy.engine.Engine - INFO - PRAGMA main.table_info("interviews")
2026-05-23 23:59:51,763 - sqlalchemy.engine.Engine - INFO - [raw sql] ()
2026-05-23 23:59:51,764 - sqlalchemy.engine.Engine - INFO - COMMIT
2026-05-23 23:59:54,886 - sqlalchemy.engine.Engine - INFO - BEGIN (implicit)
2026-05-23 23:59:54,886 - sqlalchemy.engine.Engine - INFO - PRAGMA main.table_info("saas_users")
2026-05-23 23:59:54,886 - sqlalchemy.engine.Engine - INFO - [raw sql] ()
2026-05-23 23:59:54,888 - sqlalchemy.engine.Engine - INFO - PRAGMA main.table_info("candidates")
2026-05-23 23:59:54,889 - sqlalchemy.engine.Engine - INFO - [raw sql] ()
2026-05-23 23:59:54,889 - sqlalchemy.engine.Engine - INFO - PRAGMA main.table_info("jobs")
2026-05-23 23:59:54,890 - sqlalchemy.engine.Engine - INFO - [raw sql] ()
2026-05-23 23:59:54,890 - sqlalchemy.engine.Engine - INFO - PRAGMA main.table_info("interviews")
2026-05-23 23:59:54,890 - sqlalchemy.engine.Engine - INFO - [raw sql] ()
2026-05-23 23:59:54,891 - sqlalchemy.engine.Engine - INFO - COMMIT
2026-05-24 00:00:21,913 - Nahla HR Management System - INFO - User logged in: HR-S
2026-05-24 00:00:24,140 - sqlalchemy.engine.Engine - INFO - BEGIN (implicit)
2026-05-24 00:00:24,140 - sqlalchemy.engine.Engine - INFO - PRAGMA main.table_info("saas_users")
2026-05-24 00:00:24,140 - sqlalchemy.engine.Engine - INFO - [raw sql] ()
2026-05-24 00:00:24,142 - sqlalchemy.engine.Engine - INFO - PRAGMA main.table_info("candidates")
2026-05-24 00:00:24,142 - sqlalchemy.engine.Engine - INFO - [raw sql] ()
2026-05-24 00:00:24,143 - sqlalchemy.engine.Engine - INFO - PRAGMA main.table_info("jobs")
2026-05-24 00:00:24,143 - sqlalchemy.engine.Engine - INFO - [raw sql] ()
2026-05-24 00:00:24,144 - sqlalchemy.engine.Engine - INFO - PRAGMA main.table_info("interviews")
2026-05-24 00:00:24,144 - sqlalchemy.engine.Engine - INFO - [raw sql] ()
2026-05-24 00:00:24,145 - sqlalchemy.engine.Engine - INFO - COMMIT
2026-05-24 00:00:26,726 - sqlalchemy.engine.Engine - INFO - BEGIN (implicit)
2026-05-24 00:00:26,726 - sqlalchemy.engine.Engine - INFO - PRAGMA main.table_info("saas_users")
2026-05-24 00:00:26,726 - sqlalchemy.engine.Engine - INFO - [raw sql] ()
2026-05-24 00:00:26,728 - sqlalchemy.engine.Engine - INFO - PRAGMA main.table_info("candidates")
2026-05-24 00:00:26,728 - sqlalchemy.engine.Engine - INFO - [raw sql] ()
2026-05-24 00:00:26,729 - sqlalchemy.engine.Engine - INFO - PRAGMA main.table_info("jobs")
2026-05-24 00:00:26,730 - sqlalchemy.engine.Engine - INFO - [raw sql] ()
2026-05-24 00:00:26,730 - sqlalchemy.engine.Engine - INFO - PRAGMA main.table_info("interviews")
2026-05-24 00:00:26,734 - sqlalchemy.engine.Engine - INFO - [raw sql] ()
2026-05-24 00:00:26,734 - sqlalchemy.engine.Engine - INFO - COMMIT
2026-05-24 00:16:14,357 - watchfiles.main - INFO - 1 change detected
2026-05-24 00:20:57,249 - watchfiles.main - INFO - 1 change detected
2026-05-24 00:22:37,857 - watchfiles.main - INFO - 15 changes detected
2026-05-24 00:22:38,369 - watchfiles.main - INFO - 2 changes detected
2026-05-24 00:22:41,944 - watchfiles.main - INFO - 1 change detected
2026-05-24 00:22:42,298 - watchfiles.main - INFO - 1 change detected
2026-05-24 00:22:42,959 - watchfiles.main - INFO - 1 change detected
2026-05-24 00:22:43,313 - watchfiles.main - INFO - 1 change detected
2026-05-24 00:22:43,975 - watchfiles.main - INFO - 1 change detected
2026-05-24 00:22:44,332 - watchfiles.main - INFO - 1 change detected
2026-05-24 00:22:44,683 - watchfiles.main - INFO - 1 change detected
2026-05-24 00:22:45,076 - watchfiles.main - INFO - 2 changes detected
2026-05-24 00:22:45,788 - watchfiles.main - INFO - 1 change detected
2026-05-24 00:22:46,735 - watchfiles.main - INFO - 1 change detected
2026-05-24 00:22:47,100 - watchfiles.main - INFO - 1 change detected
2026-05-24 00:22:53,336 - watchfiles.main - INFO - 1 change detected
2026-05-24 00:22:54,202 - watchfiles.main - INFO - 1 change detected
2026-05-24 00:22:54,569 - watchfiles.main - INFO - 1 change detected
2026-05-24 00:22:55,185 - watchfiles.main - INFO - 1 change detected
2026-05-24 00:22:56,802 - watchfiles.main - INFO - 1 change detected
2026-05-24 00:22:57,719 - watchfiles.main - INFO - 1 change detected
2026-05-24 00:22:58,082 - watchfiles.main - INFO - 2 changes detected
2026-05-24 00:22:59,609 - watchfiles.main - INFO - 1 change detected
2026-05-24 00:23:00,067 - watchfiles.main - INFO - 2 changes detected
2026-05-24 00:23:03,607 - watchfiles.main - INFO - 1 change detected
2026-05-24 00:23:04,622 - watchfiles.main - INFO - 1 change detected
2026-05-24 00:23:13,430 - watchfiles.main - INFO - 1 change detected
2026-05-24 00:23:14,507 - watchfiles.main - INFO - 1 change detected
2026-05-24 00:23:15,465 - watchfiles.main - INFO - 1 change detected
2026-05-24 00:23:15,834 - watchfiles.main - INFO - 1 change detected
2026-05-24 00:23:17,662 - watchfiles.main - INFO - 1 change detected
2026-05-24 00:23:18,269 - watchfiles.main - INFO - 2 changes detected
2026-05-24 00:23:19,284 - watchfiles.main - INFO - 1 change detected
2026-05-24 00:23:19,645 - watchfiles.main - INFO - 1 change detected
2026-05-24 00:23:20,150 - watchfiles.main - INFO - 1 change detected
2026-05-24 00:23:20,671 - watchfiles.main - INFO - 1 change detected
2026-05-24 00:23:21,485 - watchfiles.main - INFO - 1 change detected
2026-05-24 00:23:21,839 - watchfiles.main - INFO - 1 change detected
2026-05-24 00:23:26,797 - watchfiles.main - INFO - 1 change detected
2026-05-24 00:23:27,806 - watchfiles.main - INFO - 1 change detected
2026-05-24 00:23:29,985 - watchfiles.main - INFO - 2 changes detected
2026-05-24 00:23:31,497 - watchfiles.main - INFO - 1 change detected
2026-05-24 00:23:32,556 - watchfiles.main - INFO - 1 change detected
2026-05-24 00:23:37,363 - watchfiles.main - INFO - 1 change detected
2026-05-24 00:23:38,378 - watchfiles.main - INFO - 1 change detected
2026-05-24 00:23:44,140 - watchfiles.main - INFO - 1 change detected
2026-05-24 00:23:44,655 - watchfiles.main - INFO - 2 changes detected
2026-05-24 00:23:56,102 - watchfiles.main - INFO - 1 change detected
2026-05-24 01:01:59,535 - sqlalchemy.engine.Engine - INFO - BEGIN (implicit)
2026-05-24 01:01:59,537 - sqlalchemy.engine.Engine - INFO - PRAGMA main.table_info("saas_users")
2026-05-24 01:01:59,537 - sqlalchemy.engine.Engine - INFO - [raw sql] ()
2026-05-24 01:01:59,539 - sqlalchemy.engine.Engine - INFO - PRAGMA main.table_info("candidates")
2026-05-24 01:01:59,539 - sqlalchemy.engine.Engine - INFO - [raw sql] ()
2026-05-24 01:01:59,540 - sqlalchemy.engine.Engine - INFO - PRAGMA main.table_info("jobs")
2026-05-24 01:01:59,540 - sqlalchemy.engine.Engine - INFO - [raw sql] ()
2026-05-24 01:01:59,541 - sqlalchemy.engine.Engine - INFO - PRAGMA main.table_info("interviews")
2026-05-24 01:01:59,541 - sqlalchemy.engine.Engine - INFO - [raw sql] ()
2026-05-24 01:01:59,542 - sqlalchemy.engine.Engine - INFO - COMMIT
2026-05-24 01:03:10,136 - sqlalchemy.engine.Engine - INFO - BEGIN (implicit)
2026-05-24 01:03:10,136 - sqlalchemy.engine.Engine - INFO - PRAGMA main.table_info("saas_users")
2026-05-24 01:03:10,137 - sqlalchemy.engine.Engine - INFO - [raw sql] ()
2026-05-24 01:03:10,138 - sqlalchemy.engine.Engine - INFO - PRAGMA main.table_info("candidates")
2026-05-24 01:03:10,138 - sqlalchemy.engine.Engine - INFO - [raw sql] ()
2026-05-24 01:03:10,139 - sqlalchemy.engine.Engine - INFO - PRAGMA main.table_info("jobs")
2026-05-24 01:03:10,139 - sqlalchemy.engine.Engine - INFO - [raw sql] ()
2026-05-24 01:03:10,140 - sqlalchemy.engine.Engine - INFO - PRAGMA main.table_info("interviews")
2026-05-24 01:03:10,140 - sqlalchemy.engine.Engine - INFO - [raw sql] ()
2026-05-24 01:03:10,140 - sqlalchemy.engine.Engine - INFO - COMMIT
2026-05-24 01:11:21,260 - sqlalchemy.engine.Engine - INFO - BEGIN (implicit)
2026-05-24 01:11:21,261 - sqlalchemy.engine.Engine - INFO - PRAGMA main.table_info("saas_users")
2026-05-24 01:11:21,261 - sqlalchemy.engine.Engine - INFO - [raw sql] ()
2026-05-24 01:11:21,262 - sqlalchemy.engine.Engine - INFO - PRAGMA main.table_info("candidates")
2026-05-24 01:11:21,262 - sqlalchemy.engine.Engine - INFO - [raw sql] ()
2026-05-24 01:11:21,263 - sqlalchemy.engine.Engine - INFO - PRAGMA main.table_info("jobs")
2026-05-24 01:11:21,263 - sqlalchemy.engine.Engine - INFO - [raw sql] ()
2026-05-24 01:11:21,263 - sqlalchemy.engine.Engine - INFO - PRAGMA main.table_info("interviews")
2026-05-24 01:11:21,263 - sqlalchemy.engine.Engine - INFO - [raw sql] ()
2026-05-24 01:11:21,264 - sqlalchemy.engine.Engine - INFO - COMMIT
2026-05-24 01:13:27,037 - sqlalchemy.engine.Engine - INFO - BEGIN (implicit)
2026-05-24 01:13:27,037 - sqlalchemy.engine.Engine - INFO - PRAGMA main.table_info("saas_users")
2026-05-24 01:13:27,037 - sqlalchemy.engine.Engine - INFO - [raw sql] ()
2026-05-24 01:13:27,039 - sqlalchemy.engine.Engine - INFO - PRAGMA main.table_info("candidates")
2026-05-24 01:13:27,039 - sqlalchemy.engine.Engine - INFO - [raw sql] ()
2026-05-24 01:13:27,040 - sqlalchemy.engine.Engine - INFO - PRAGMA main.table_info("jobs")
2026-05-24 01:13:27,040 - sqlalchemy.engine.Engine - INFO - [raw sql] ()
2026-05-24 01:13:27,040 - sqlalchemy.engine.Engine - INFO - PRAGMA main.table_info("interviews")
2026-05-24 01:13:27,041 - sqlalchemy.engine.Engine - INFO - [raw sql] ()
2026-05-24 01:13:27,041 - sqlalchemy.engine.Engine - INFO - PRAGMA main.table_info("notifications")
2026-05-24 01:13:27,042 - sqlalchemy.engine.Engine - INFO - [raw sql] ()
2026-05-24 01:13:27,042 - sqlalchemy.engine.Engine - INFO - PRAGMA temp.table_info("notifications")
2026-05-24 01:13:27,043 - sqlalchemy.engine.Engine - INFO - [raw sql] ()
2026-05-24 01:13:27,044 - sqlalchemy.engine.Engine - INFO - 
CREATE TABLE notifications (
	id INTEGER NOT NULL, 
	company_id VARCHAR(50) NOT NULL, 
	user_id VARCHAR(100) NOT NULL, 
	title VARCHAR(200) NOT NULL, 
	message TEXT NOT NULL, 
	type VARCHAR(50), 
	is_read BOOLEAN, 
	link VARCHAR(500), 
	created_at DATETIME, 
	PRIMARY KEY (id)
)


2026-05-24 01:13:27,045 - sqlalchemy.engine.Engine - INFO - [no key 0.00044s] ()
2026-05-24 01:13:27,068 - sqlalchemy.engine.Engine - INFO - CREATE INDEX ix_notifications_company_id ON notifications (company_id)
2026-05-24 01:13:27,068 - sqlalchemy.engine.Engine - INFO - [no key 0.00037s] ()
2026-05-24 01:13:27,089 - sqlalchemy.engine.Engine - INFO - CREATE INDEX ix_notifications_user_id ON notifications (user_id)
2026-05-24 01:13:27,089 - sqlalchemy.engine.Engine - INFO - [no key 0.00036s] ()
2026-05-24 01:13:27,111 - sqlalchemy.engine.Engine - INFO - COMMIT
2026-05-24 01:48:26,190 - sqlalchemy.engine.Engine - INFO - BEGIN (implicit)
2026-05-24 01:48:26,191 - sqlalchemy.engine.Engine - INFO - PRAGMA main.table_info("saas_users")
2026-05-24 01:48:26,191 - sqlalchemy.engine.Engine - INFO - [raw sql] ()
2026-05-24 01:48:26,198 - sqlalchemy.engine.Engine - INFO - PRAGMA main.table_info("candidates")
2026-05-24 01:48:26,198 - sqlalchemy.engine.Engine - INFO - [raw sql] ()
2026-05-24 01:48:26,198 - sqlalchemy.engine.Engine - INFO - PRAGMA main.table_info("jobs")
2026-05-24 01:48:26,198 - sqlalchemy.engine.Engine - INFO - [raw sql] ()
2026-05-24 01:48:26,199 - sqlalchemy.engine.Engine - INFO - PRAGMA main.table_info("interviews")
2026-05-24 01:48:26,199 - sqlalchemy.engine.Engine - INFO - [raw sql] ()
2026-05-24 01:48:26,201 - sqlalchemy.engine.Engine - INFO - PRAGMA main.table_info("notifications")
2026-05-24 01:48:26,202 - sqlalchemy.engine.Engine - INFO - [raw sql] ()
2026-05-24 01:48:26,205 - sqlalchemy.engine.Engine - INFO - COMMIT
2026-05-24 01:48:29,515 - sqlalchemy.engine.Engine - INFO - BEGIN (implicit)
2026-05-24 01:48:29,515 - sqlalchemy.engine.Engine - INFO - PRAGMA main.table_info("saas_users")
2026-05-24 01:48:29,516 - sqlalchemy.engine.Engine - INFO - [raw sql] ()
2026-05-24 01:48:29,520 - sqlalchemy.engine.Engine - INFO - PRAGMA main.table_info("candidates")
2026-05-24 01:48:29,521 - sqlalchemy.engine.Engine - INFO - [raw sql] ()
2026-05-24 01:48:29,522 - sqlalchemy.engine.Engine - INFO - PRAGMA main.table_info("jobs")
2026-05-24 01:48:29,522 - sqlalchemy.engine.Engine - INFO - [raw sql] ()
2026-05-24 01:48:29,523 - sqlalchemy.engine.Engine - INFO - PRAGMA main.table_info("interviews")
2026-05-24 01:48:29,523 - sqlalchemy.engine.Engine - INFO - [raw sql] ()
2026-05-24 01:48:29,524 - sqlalchemy.engine.Engine - INFO - PRAGMA main.table_info("notifications")
2026-05-24 01:48:29,524 - sqlalchemy.engine.Engine - INFO - [raw sql] ()
2026-05-24 01:48:29,524 - sqlalchemy.engine.Engine - INFO - COMMIT
2026-05-24 01:51:00,748 - Nahla HR Management System - INFO - User logged in: HR-S
2026-05-24 02:02:11,149 - watchfiles.main - INFO - 35 changes detected
2026-05-24 02:02:13,085 - watchfiles.main - INFO - 488 changes detected
2026-05-24 02:02:13,486 - watchfiles.main - INFO - 91 changes detected
2026-05-24 02:02:14,115 - watchfiles.main - INFO - 4 changes detected
2026-05-24 02:02:24,637 - watchfiles.main - INFO - 1 change detected
2026-05-24 02:04:08,581 - watchfiles.main - INFO - 5 changes detected
2026-05-24 02:08:46,956 - watchfiles.main - INFO - 5 changes detected
2026-05-24 02:10:15,966 - watchfiles.main - INFO - 1 change detected
